2021-01-24 14:03:50 [http] {"method":"GET","url":"/api/public/verificationCode/image","data":{},"response":{"code":0,"message":"请求成功"},"timeLength":153}
2021-01-24 14:04:05 [http] {"method":"GET","url":"/api/public/verificationCode/image","data":{},"response":{"code":0,"message":"请求成功"},"timeLength":9}
2021-01-24 14:04:31 [http] {"method":"POST","url":"/api/login/password","data":{"phoneNumber":"18185058651","password":"e10adc3949ba59abbe56e057f20f883e","verification_code":"4JCs8s","platform":1},"response":{"code":0,"message":"登录成功"},"timeLength":387}
2021-01-24 16:51:49 [http] {"method":"GET","url":"/api/test","data":{},"response":{},"timeLength":3}
2021-01-24 16:59:41 [http] {"method":"GET","url":"/api/test","data":{},"response":{},"timeLength":3}
2021-01-24 17:08:14 [http] {"method":"GET","url":"/api/test","data":{},"response":{},"timeLength":3}
2021-01-24 17:26:58 [http] {"method":"POST","url":"/api/public/verificationCode/note","data":{"phoneNumber":"15706171636"},"response":{"code":0,"message":"发送成功"},"timeLength":49}
2021-01-24 17:27:18 [http] {"method":"POST","url":"/api/public/verificationCode/note","data":{"phoneNumber":"15706171636"},"response":{"code":0,"message":"发送成功"},"timeLength":53}
2021-01-24 17:27:27 [http] {"method":"POST","url":"/api/public/verificationCode/note","data":{"phoneNumber":"15706171636"},"response":{"code":0,"message":"发送成功"},"timeLength":49}
2021-01-24 17:27:53 [http] {"method":"POST","url":"/api/public/verificationCode/note","data":{"phoneNumber":"15706171636"},"response":{"code":0,"message":"发送成功"},"timeLength":49}
2021-01-24 17:33:01 [http] {"method":"POST","url":"/api/public/verificationCode/note","data":{"phoneNumber":"15706171636"},"response":{"code":0,"message":"发送成功"},"timeLength":47}
2021-01-24 17:35:03 [http] {"method":"POST","url":"/api/public/verificationCode/note","data":{"phoneNumber":"15706171636"},"response":{"code":0,"message":"发送成功"},"timeLength":50}
2021-01-24 17:35:19 [http] {"method":"POST","url":"/api/public/verificationCode/note","data":{"phoneNumber":"15706171636"},"response":{"code":0,"message":"发送成功"},"timeLength":45}
2021-01-25 12:39:13 [http] {"method":"GET","url":"/api/test","data":{},"response":{},"timeLength":2}
2021-01-25 12:39:20 [http] {"method":"GET","url":"/api/test","data":{},"response":{},"timeLength":1}
2021-01-25 13:36:49 [http] {"method":"GET","url":"/api/test","data":{},"response":{},"timeLength":3}
2021-01-25 14:02:53 [http] {"method":"GET","url":"/api/test","data":{},"response":{},"timeLength":3}
2021-01-25 14:03:13 [http] {"method":"GET","url":"/api/test","data":{},"response":{},"timeLength":3}
2021-01-25 14:04:04 [http] {"method":"GET","url":"/api/test","data":{},"response":{},"timeLength":3}
2021-01-25 14:48:10 [http] {"method":"GET","url":"/api/test","data":{},"response":{},"timeLength":3}
2021-01-25 15:02:42 [http] {"method":"GET","url":"/api/test","data":{},"response":{},"timeLength":2}
2021-01-25 15:03:41 [http] {"method":"GET","url":"/api/test","data":{},"response":{},"timeLength":3}
2021-01-25 15:04:13 [http] {"method":"GET","url":"/api/test","data":{},"response":{},"timeLength":3}
2021-01-25 15:04:44 [http] {"method":"GET","url":"/api/test","data":{},"response":{},"timeLength":3}
2021-01-25 15:05:14 [http] {"method":"GET","url":"/api/test","data":{},"response":{},"timeLength":3}
2021-01-25 15:05:47 [http] {"method":"GET","url":"/api/test","data":{},"response":{},"timeLength":3}
2021-01-25 15:06:05 [http] {"method":"GET","url":"/api/test","data":{},"response":{},"timeLength":3}
2021-01-25 15:07:11 [http] {"method":"GET","url":"/api/test","data":{},"response":{},"timeLength":3}
2021-01-25 15:07:27 [http] {"method":"GET","url":"/api/test","data":{},"response":{},"timeLength":3}
2021-01-25 15:07:42 [http] {"method":"GET","url":"/api/test","data":{},"response":{},"timeLength":1}
2021-01-25 15:07:51 [http] {"method":"GET","url":"/api/test","data":{},"response":{},"timeLength":3}
2021-01-25 15:08:13 [http] {"method":"GET","url":"/api/test","data":{},"response":{},"timeLength":3}
2021-01-25 15:10:09 [http] {"method":"POST","url":"/api/public/verificationCode/note","data":{"phoneNumber":"15706171636"},"response":{"code":0,"message":"发送成功"},"timeLength":51}
2021-01-25 15:22:33 [http] {"method":"GET","url":"/api/test?user=xxx","data":{},"response":{},"timeLength":3}
2021-01-25 20:42:33 [http] {"method":"GET","url":"/api/public/verificationCode/image","data":{},"response":{"code":0,"message":"请求成功"},"timeLength":10}
2021-01-25 20:52:13 [http] {"method":"GET","url":"/api/public/verificationCode/image","data":{},"response":{"code":0,"message":"请求成功"},"timeLength":19}
2021-01-25 20:57:55 [http] {"method":"GET","url":"/api/public/verificationCode/image","data":{},"response":{"code":0,"message":"请求成功"},"timeLength":11}
2021-01-25 20:58:49 [http] {"method":"GET","url":"/api/public/verificationCode/image","data":{},"response":{"code":0,"message":"请求成功"},"timeLength":12}
2021-01-25 21:02:57 [http] {"method":"GET","url":"/api/public/verificationCode/image","data":{},"response":{"code":0,"message":"请求成功"},"timeLength":22}
2021-01-25 21:03:23 [http] {"method":"GET","url":"/api/public/verificationCode/image","data":{},"response":{"code":0,"message":"请求成功"},"timeLength":9}
2021-01-25 21:03:50 [http] {"method":"GET","url":"/api/public/verificationCode/image","data":{},"response":{"code":0,"message":"请求成功"},"timeLength":8}
2021-01-25 21:09:27 [http] {"method":"GET","url":"/api/public/verificationCode/image","data":{},"response":{"code":0,"message":"请求成功"},"timeLength":3}
2021-01-25 21:54:41 [http] {"method":"GET","url":"/api/public/verificationCode/image","data":{},"response":{"code":-1,"message":"请求参数错误"},"timeLength":23}
2021-01-25 21:55:49 [http] {"method":"GET","url":"/api/public/verificationCode/image","data":{},"response":{"code":-1,"message":"请求参数错误"},"timeLength":9}
2021-01-25 21:57:19 [http] {"method":"GET","url":"/api/public/verificationCode/image?platform=1","data":{},"response":{"code":0,"message":"请求成功"},"timeLength":10}
2021-01-26 13:43:50 [http] {"method":"GET","url":"/api/test","data":{},"response":{},"timeLength":3}
2021-01-26 13:44:02 [http] {"method":"GET","url":"/api/test","data":{},"response":{},"timeLength":3}
2021-01-26 13:44:32 [http] {"method":"GET","url":"/api/test","data":{},"response":{},"timeLength":3}
2021-01-26 13:45:03 [http] {"method":"GET","url":"/api/test","data":{},"response":{},"timeLength":3}
2021-01-26 13:45:28 [http] {"method":"GET","url":"/api/test","data":{},"response":{},"timeLength":3}
2021-01-26 13:51:16 [http] {"method":"GET","url":"/api/test?xxx=12.5","data":{},"response":{},"timeLength":3}
2021-01-26 14:48:58 [http] {"method":"GET","url":"/api/test?xxx=true","data":{},"response":{},"timeLength":4}
2021-01-26 15:29:55 [http] {"method":"GET","url":"/api/public/verificationCode/image","data":{},"response":{"code":-1,"message":"请求参数错误"},"timeLength":8}
2021-01-26 15:30:21 [http] {"method":"GET","url":"/api/public/verificationCode/image","data":{},"response":{"code":-1,"message":"请求参数错误"},"timeLength":9}
2021-01-26 15:32:13 [http] {"method":"GET","url":"/api/public/verificationCode/image","data":{},"response":{"code":-1,"message":"请求参数错误"},"timeLength":18}
2021-01-26 15:34:46 [http] {"method":"GET","url":"/api/public/verificationCode/image","data":{},"response":{"code":-1,"message":"请求参数错误"},"timeLength":8}
2021-01-26 15:36:40 [http] {"method":"GET","url":"/api/public/verificationCode/image","data":{},"response":{"code":-1,"message":"请求参数错误"},"timeLength":8}
2021-01-26 15:37:07 [http] {"method":"GET","url":"/api/public/verificationCode/image","data":{},"response":{"code":-1,"message":"请求参数错误"},"timeLength":14}
2021-01-26 15:37:47 [http] {"method":"GET","url":"/api/public/verificationCode/image","data":{},"response":{"code":-1,"message":"请求参数错误"},"timeLength":10}
2021-01-26 15:52:53 [http] {"method":"GET","url":"/api/public/verificationCode/image?platform=1","data":{},"response":{"code":0,"message":"请求成功"},"timeLength":14}
2021-01-26 22:17:25 [http] {"method":"POST","url":"/api/public/verificationCode/note","data":{"phoneNumber":"15706171636"},"response":{"code":0,"message":"发送成功"},"timeLength":21847}
2021-01-26 22:17:56 [http] {"method":"POST","url":"/api/public/verificationCode/note","data":{"phoneNumber":"15706171636"},"response":{"code":0,"message":"发送成功"},"timeLength":49}
2021-01-26 22:18:07 [http] {"method":"POST","url":"/api/public/verificationCode/note","data":{"phoneNumber":"15706171636"},"response":{"code":0,"message":"发送成功"},"timeLength":63}
2021-01-26 22:18:40 [http] {"method":"POST","url":"/api/public/verificationCode/note","data":{"phoneNumber":"15706171636"},"response":{"code":0,"message":"发送成功"},"timeLength":55}
2021-01-26 22:19:05 [http] {"method":"POST","url":"/api/public/verificationCode/note","data":{"phoneNumber":"15706171636"},"response":{"code":0,"message":"发送成功"},"timeLength":45}
2021-01-26 22:19:50 [http] {"method":"POST","url":"/api/login/note","data":{"phoneNumber":"15706171636","verification_code":"123456","platform":2},"response":{"code":0,"message":"登录成功"},"timeLength":204}
2021-01-26 22:21:36 [http] {"method":"POST","url":"/api/public/verificationCode/note","data":{"phoneNumber":"18185058651"},"response":{"code":0,"message":"发送成功"},"timeLength":41}
2021-01-26 22:21:46 [http] {"method":"POST","url":"/api/login/note","data":{"phoneNumber":"18185058651","verification_code":"123456","platform":1},"response":{"code":-1,"message":"验证码已失效"},"timeLength":41}
2021-01-26 22:23:04 [http] {"method":"POST","url":"/api/public/verificationCode/note","data":{"phoneNumber":"18185058651"},"response":{"code":0,"message":"发送成功"},"timeLength":51}
2021-01-26 22:23:11 [http] {"method":"POST","url":"/api/login/note","data":{"phoneNumber":"18185058651","verification_code":"123456","platform":1},"response":{"code":-1,"message":"验证码已失效"},"timeLength":45}
2021-01-26 22:23:36 [http] {"method":"POST","url":"/api/login/note","data":{"phoneNumber":"18185058651","verification_code":"123456","platform":1},"response":{"code":-1,"message":"验证码已失效"},"timeLength":47}
2021-01-26 22:23:39 [http] {"method":"POST","url":"/api/public/verificationCode/note","data":{"phoneNumber":"18185058651"},"response":{"code":0,"message":"发送成功"},"timeLength":44}
2021-01-26 22:23:41 [http] {"method":"POST","url":"/api/login/note","data":{"phoneNumber":"18185058651","verification_code":"123456","platform":1},"response":{"code":-1,"message":"验证码已失效"},"timeLength":42}
2021-01-26 22:24:38 [http] {"method":"POST","url":"/api/public/verificationCode/note","data":{"phoneNumber":"18185058651"},"response":{"code":0,"message":"发送成功"},"timeLength":46}
2021-01-26 22:24:42 [http] {"method":"POST","url":"/api/login/note","data":{"phoneNumber":"18185058651","verification_code":"123456","platform":1},"response":{"code":-1,"message":"验证码已失效"},"timeLength":39}
2021-01-26 22:26:04 [http] {"method":"POST","url":"/api/public/verificationCode/note","data":{"phoneNumber":"18185058651"},"response":{"code":0,"message":"发送成功"},"timeLength":59}
2021-01-26 22:26:50 [http] {"method":"POST","url":"/api/public/verificationCode/note","data":{"phoneNumber":"15706171636"},"response":{"code":0,"message":"发送成功"},"timeLength":52}
2021-01-26 22:26:55 [http] {"method":"POST","url":"/api/login/note","data":{"phoneNumber":"15706171636","verification_code":"123456","platform":2},"response":{"code":-1,"message":"验证码错误"},"timeLength":108}
2021-01-27 13:03:34 [http] {"method":"GET","url":"/api/case?caseID=3","data":{},"response":{"code":0,"message":""},"timeLength":160}
2021-01-27 13:40:04 [http] {"method":"GET","url":"/api/user/salaryList?isAll=true","data":{},"response":{"code":0,"message":""},"timeLength":72}
2021-01-27 14:05:33 [http] {"method":"GET","url":"/api/test?xxx=true","data":{},"response":{},"timeLength":4}
2021-01-27 14:18:43 [http] {"method":"POST","url":"/api/test","data":{"xxx":null},"response":{},"timeLength":3}
2021-01-27 14:19:17 [http] {"method":"POST","url":"/api/test","data":{"xxx":null},"response":{},"timeLength":3}
2021-01-27 14:19:49 [http] {"method":"POST","url":"/api/test","data":{"xxx":null},"response":{},"timeLength":3}
2021-01-27 14:20:33 [http] {"method":"POST","url":"/api/test","data":{"xxx":null},"response":{},"timeLength":3}
2021-01-27 14:21:44 [http] {"method":"POST","url":"/api/test","data":{"xxx":null},"response":{},"timeLength":4}
2021-01-27 14:22:18 [http] {"method":"POST","url":"/api/test","data":{"xxx":null},"response":{},"timeLength":5}
2021-01-27 14:23:03 [http] {"method":"POST","url":"/api/test","data":{"xxx":null},"response":{},"timeLength":3}
2021-01-27 14:24:26 [http] {"method":"POST","url":"/api/test","data":{"xxx":"true"},"response":{},"timeLength":3}
2021-01-27 14:33:28 [http] {"method":"POST","url":"/api/test","data":{"xxx":true},"response":{},"timeLength":3}
2021-01-27 14:34:15 [http] {"method":"PUT","url":"/api/test","data":{},"response":{},"timeLength":1}
2021-01-27 14:59:21 [http] {"method":"PUT","url":"/api/test","data":{"xxx":true},"response":{},"timeLength":2}
2021-01-27 15:07:46 [http] {"method":"PUT","url":"/api/test","data":{"xxx":true},"response":{},"timeLength":3}
2021-01-27 15:09:53 [http] {"method":"PUT","url":"/api/test","data":{"xxx":true},"response":{},"timeLength":4}
2021-01-27 15:22:18 [http] {"method":"PUT","url":"/api/test","data":{},"response":{},"timeLength":3}
2021-01-27 15:22:27 [http] {"method":"PUT","url":"/api/test","data":{"xxx":true},"response":{},"timeLength":0}
2021-01-27 22:35:21 [http] {"method":"PUT","url":"/api/test","data":{"xxx":[true,false]},"response":{},"timeLength":2}
2021-01-27 22:37:56 [http] {"method":"PUT","url":"/api/test","data":{"xxx":[true,"false"]},"response":{},"timeLength":2}
2021-01-27 22:38:06 [http] {"method":"PUT","url":"/api/test","data":{"xxx":[true,"false"]},"response":{},"timeLength":4}
2021-01-27 22:43:18 [http] {"method":"PUT","url":"/api/test","data":{"xxx":[true,"false"]},"response":{},"timeLength":3}
2021-01-27 22:43:28 [http] {"method":"PUT","url":"/api/test","data":{"xxx":[true,"false"]},"response":{},"timeLength":3}
2021-01-27 22:44:19 [http] {"method":"PUT","url":"/api/test","data":{"xxx":{}},"response":{},"timeLength":4}
2021-01-28 09:35:55 [http] {"method":"PUT","url":"/api/test","data":{"user":{"name":123}},"response":{},"timeLength":3}
2021-01-29 15:46:42 [http] {"method":"GET","url":"/api/case/getList?isAll=true&page=1","data":{},"response":{"code":0,"message":""},"timeLength":51}
2021-01-29 15:46:51 [http] {"method":"GET","url":"/api/case/getList?isAll=true&page=1","data":{},"response":{"code":0,"message":""},"timeLength":47}
2021-01-29 15:47:07 [http] {"method":"GET","url":"/api/case/getList?isAll=true&page=1","data":{},"response":{"code":0,"message":""},"timeLength":49}
2021-01-29 15:47:20 [http] {"method":"GET","url":"/api/case/getList?isAll=true&page=1","data":{},"response":{"code":0,"message":""},"timeLength":288}
2021-01-29 15:47:54 [http] {"method":"GET","url":"/api/case/getList?isAll=true&page=1","data":{},"response":{"code":0,"message":""},"timeLength":51}
2021-01-29 15:48:56 [http] {"method":"GET","url":"/api/case/getList?isAll=true&page=1","data":{},"response":{"code":0,"message":""},"timeLength":91}
2021-01-29 15:59:44 [http] {"method":"GET","url":"/api/case/getList?isAll=true&page=1","data":{},"response":{"code":0,"message":""},"timeLength":447}
2021-01-29 16:00:27 [http] {"method":"GET","url":"/api/case/getList?isAll=true&page=1","data":{},"response":{"code":0,"message":""},"timeLength":488}
2021-01-29 16:19:47 [http] {"method":"GET","url":"/api/user/salaryList?isAll=false&year=2019","data":{},"response":{"code":0,"message":""},"timeLength":280}
2021-01-29 16:19:51 [http] {"method":"GET","url":"/api/user/salaryList?isAll=false","data":{},"response":{"code":0,"message":""},"timeLength":51}
2021-01-29 16:19:59 [http] {"method":"GET","url":"/api/user/salaryList?isAll=false&xxx=xxx","data":{},"response":{"code":0,"message":""},"timeLength":49}
2021-01-29 16:20:14 [http] {"method":"GET","url":"/api/user/salaryList?isAll=false","data":{},"response":{"code":0,"message":""},"timeLength":293}
2021-01-29 16:29:29 [http] {"method":"POST","url":"/api/public/verificationCode/note","data":{"phoneNumber":"18185058651"},"response":{"code":0,"message":"发送成功"},"timeLength":21806}
2021-01-29 16:29:32 [http] {"method":"POST","url":"/api/login/note","data":{"phoneNumber":"18185058651","verification_code":"123456","platform":2},"response":{"code":-1,"message":"验证码已失效"},"timeLength":46}
2021-01-29 17:09:07 [http] {"method":"POST","url":"/api/user/alterInfo","data":{"name":"梦幽辰","sex":"女","phoneNumber":"18185058651"},"response":{"code":0,"message":"修改用户信息成功"},"timeLength":852}
2021-01-29 17:10:32 [http] {"method":"POST","url":"/api/user/alterInfo","data":{"name":"梦幽辰","sex":"女","phoneNumber":"18185058651"},"response":{"code":0,"message":"修改用户信息成功"},"timeLength":839}
2021-01-29 17:20:34 [http] {"method":"GET","url":"/api/user/getUnitList","data":{},"response":{"code":0,"message":"获取成功"},"timeLength":318}
2021-01-29 17:51:08 [http] {"method":"GET","url":"/api/user/getUnitList","data":{},"response":{"code":0,"message":"获取成功"},"timeLength":119}
2021-01-29 17:56:34 [http] {"method":"GET","url":"/api/user/getPhoneNumber?unit_id=1","data":{},"response":{"code":0,"message":"获取成功"},"timeLength":292}
2021-01-29 18:07:15 [http] {"method":"GET","url":"/api/user/getCardInfo","data":{},"response":{"code":0,"message":"获取成功"},"timeLength":49}
2021-02-01 11:53:23 [http] {"method":"GET","url":"/api/user/getInformDetail?informID=1","data":{},"response":{"code":-1,"message":"未找到此消息"},"timeLength":314}
2021-02-01 11:53:49 [http] {"method":"GET","url":"/api/user/getInformList","data":{},"response":{"code":0,"message":"获取成功"},"timeLength":415}
2021-02-01 11:55:32 [http] {"method":"GET","url":"/api/user/getInformDetail?informID=4","data":{},"response":{"code":0,"message":"获取成功"},"timeLength":1008}
2021-02-01 11:55:39 [http] {"method":"GET","url":"/api/user/getInformDetail?informID=3","data":{},"response":{"code":-1,"message":"未找到此消息"},"timeLength":357}
2021-02-01 11:55:44 [http] {"method":"GET","url":"/api/user/getInformDetail?informID=4","data":{},"response":{"code":0,"message":"获取成功"},"timeLength":526}
2021-02-01 11:55:53 [http] {"method":"GET","url":"/api/user/getInformList","data":{},"response":{"code":0,"message":"获取成功"},"timeLength":229}
2021-02-01 12:23:14 [http] {"method":"GET","url":"/api/case?caseID=3","data":{},"response":{"code":0,"message":""},"timeLength":792}
2021-02-01 12:26:06 [http] {"method":"GET","url":"/api/case?caseID=3","data":{},"response":{"code":0,"message":""},"timeLength":1203}
2021-02-01 12:27:04 [http] {"method":"GET","url":"/api/case?caseID=3","data":{},"response":{"code":0,"message":""},"timeLength":759}
2021-02-01 12:27:24 [http] {"method":"GET","url":"/api/case?caseID=3","data":{},"response":{"code":0,"message":""},"timeLength":646}
2021-02-01 12:28:21 [http] {"method":"GET","url":"/api/case?caseID=3","data":{},"response":{},"timeLength":716}
2021-02-01 12:29:57 [http] {"method":"GET","url":"/api/case?caseID=3","data":{},"response":{},"timeLength":846}
2021-02-01 12:31:06 [http] {"method":"GET","url":"/api/case?caseID=3","data":{},"response":{"code":0,"message":""},"timeLength":696}
2021-02-04 17:18:13 [http] {"method":"GET","url":"/api/case?caseID=3","data":{},"response":{"code":0,"message":""},"timeLength":331}
2021-02-04 17:18:46 [http] {"method":"GET","url":"/api/case?caseID=3","data":{},"response":{"code":0,"message":""},"timeLength":160}
2021-02-04 17:19:55 [http] {"method":"GET","url":"/api/case?caseID=3","data":{},"response":{"code":0,"message":""},"timeLength":964}
2021-02-04 17:21:05 [http] {"method":"GET","url":"/api/case?caseID=3","data":{},"response":{"code":0,"message":""},"timeLength":411}
2021-02-04 22:48:07 [http] {"method":"GET","url":"/api/user/getUserList","data":{},"response":{"code":0,"message":""},"timeLength":43}
2021-02-05 12:16:05 [http] {"method":"PUT","url":"/api/case/askForFinish","data":{"caseID":16,"agency_word":{"isUrl":true,"value":"http://lawyer.youchen-blog.cn/82a420b4f74f0da2edd878f72202c05c.docx"},"finish_word":{"isUrl":true,"value":"http://lawyer.youchen-blog.cn/82a420b4f74f0da2edd878f72202c05c.docx"},"reling_request":{"isUrl":true,"value":"http://lawyer.youchen-blog.cn/82a420b4f74f0da2edd878f72202c05c.docx"}},"response":{"code":0,"message":"申请成功"},"timeLength":535}
2021-02-05 12:20:42 [http] {"method":"PUT","url":"/api/case/askForFinish","data":{"caseID":16,"agency_word":{"isUrl":true,"value":"http://lawyer.youchen-blog.cn/82a420b4f74f0da2edd878f72202c05c.docx"},"finish_word":{"isUrl":true,"value":"http://lawyer.youchen-blog.cn/82a420b4f74f0da2edd878f72202c05c.docx"},"reling_request":{"isUrl":true,"value":"http://lawyer.youchen-blog.cn/82a420b4f74f0da2edd878f72202c05c.docx"}},"response":{"code":0,"message":"申请成功"},"timeLength":626}
2021-02-05 12:23:37 [http] {"method":"GET","url":"/api/admin/request?requestID=12","data":{},"response":{},"timeLength":109}
2021-02-05 12:27:12 [http] {"method":"GET","url":"/api/admin/request?requestID=12","data":{},"response":{"code":-1,"message":"提交的归档请求为空"},"timeLength":61}
2021-02-05 13:07:36 [http] {"method":"GET","url":"/api/case/getScaleList?caseID=3","data":{},"response":{"code":-1,"message":"不存在该案件"},"timeLength":46}
2021-02-05 13:10:22 [http] {"method":"GET","url":"/api/case/getScaleList?caseID=3","data":{},"response":{"code":0,"message":""},"timeLength":430}
2021-02-05 13:10:44 [http] {"method":"GET","url":"/api/case/getScaleList?caseID=3","data":{},"response":{"code":0,"message":""},"timeLength":149}
2021-02-06 12:37:45 [http] {"method":"POST","url":"/api/public/upload","data":{},"response":{"code":0,"message":"上传成功"},"timeLength":179}
2021-02-06 14:03:59 [http] {"method":"POST","url":"/api/user/alterInfo","data":{"name":"梦幽辰","sex":"男","phoneNumber":"18185058651","lawyer_scan_Image":"http://lawyer.youchen-blog.cn/fbe4bf56c9c62a5cfea4da0275c29845.jpg"},"response":{"code":0,"message":"修改用户信息成功"},"timeLength":638}
2021-02-06 15:15:41 [http] {"method":"PUT","url":"/api/case/askForFinish","data":{"caseID":15,"agency_word":{"isUrl":false,"value":"代理词5"},"finish_word":{"isUrl":true,"value":"http://lawyer.youchen-blog.cn/82a420b4f74f0da2edd878f72202c05c.docx"},"reling_request":{"isUrl":true,"value":"http://lawyer.youchen-blog.cn/82a420b4f74f0da2edd878f72202c05c.docx"}},"response":{"code":0,"message":"申请成功"},"timeLength":1434}
2021-02-06 15:16:49 [http] {"method":"PUT","url":"/api/case/askForFinish","data":{"caseID":16,"agency_word":{"isUrl":false,"value":"代理词5"},"finish_word":{"isUrl":true,"value":"http://lawyer.youchen-blog.cn/82a420b4f74f0da2edd878f72202c05c.docx"},"reling_request":{"isUrl":false,"value":"结案文书xxx"}},"response":{"code":0,"message":"申请成功"},"timeLength":1285}
2021-02-06 15:41:34 [http] {"method":"GET","url":"/api/admin/request?requestID=22","data":{},"response":{"code":0,"message":"获取成功"},"timeLength":497}
2021-02-06 15:42:15 [http] {"method":"GET","url":"/api/admin/request?requestID=22","data":{},"response":{"code":0,"message":"获取成功"},"timeLength":758}
2021-02-07 22:55:38 [http] {"method":"POST","url":"/api/public/upload","data":{},"response":{"code":0,"message":"上传成功"},"timeLength":301}
2021-02-07 22:55:47 [http] {"method":"POST","url":"/api/case/reserveFileUrl","data":{"law_id":1,"content":"http://lawyer.youchen-blog.cn82a420b4f74f0da2edd878f72202c05c.docx","type":2},"response":{"code":-1,"message":"请求参数错误"},"timeLength":2}
2021-02-07 22:56:19 [http] {"method":"POST","url":"/api/case/reserveFileUrl","data":{"law_id":1,"content":"http://lawyer.youchen-blog.cn82a420b4f74f0da2edd878f72202c05c.docx","type":2},"response":{"code":-1,"message":"请求参数错误"},"timeLength":0}
2021-02-07 22:56:38 [http] {"method":"POST","url":"/api/case/reserveFileUrl","data":{"law_id":1,"content":"http://lawyer.youchen-blog.cn82a420b4f74f0da2edd878f72202c05c.docx","type":2},"response":{"code":-1,"message":"请求参数错误"},"timeLength":13}
2021-02-07 22:57:05 [http] {"method":"POST","url":"/api/case/reserveFileUrl","data":{"law_id":1,"content":"http://lawyer.youchen-blog.cn82a420b4f74f0da2edd878f72202c05c.docx","type":2},"response":{"code":-1,"message":"请求参数错误"},"timeLength":25}
2021-02-07 22:57:18 [http] {"method":"POST","url":"/api/case/reserveFileUrl","data":{"law_id":1,"content":"http://lawyer.youchen-blog.cn82a420b4f74f0da2edd878f72202c05c.docx","type":2},"response":{"code":-1,"message":"请求参数错误"},"timeLength":17}
2021-02-07 22:59:36 [http] {"method":"POST","url":"/api/case/reserveFileUrl","data":{"law_id":1,"content":"http://lawyer.youchen-blog.cn82a420b4f74f0da2edd878f72202c05c.docx","type":2},"response":{"code":0,"message":"保存成功"},"timeLength":1060}
2021-02-07 23:01:51 [http] {"method":"POST","url":"/api/public/upload","data":{},"response":{"code":0,"message":"上传成功"},"timeLength":933}
2021-02-07 23:06:32 [http] {"method":"POST","url":"/api/public/upload","data":{},"response":{"code":0,"message":"上传成功"},"timeLength":352}
2021-02-07 23:06:47 [http] {"method":"POST","url":"/api/public/upload","data":{},"response":{"code":0,"message":"上传成功"},"timeLength":325}
2021-02-07 23:07:37 [http] {"method":"POST","url":"/api/public/upload","data":{},"response":{"code":0,"message":"上传成功"},"timeLength":328}
2021-02-15 16:46:50 [http] {"method":"POST","url":"/api/admin/request","data":{"requestID":10,"isAgree":true,"message":"嘻嘻嘻"},"response":{"code":-1,"message":"law_assistant is not associated to law!"},"timeLength":443}
2021-02-15 16:47:36 [http] {"method":"POST","url":"/api/admin/request","data":{"requestID":10,"isAgree":true,"message":"嘻嘻嘻"},"response":{"code":0,"message":"请求成功"},"timeLength":452}
2021-02-15 16:48:11 [http] {"method":"POST","url":"/api/admin/request","data":{"requestID":21,"isAgree":true,"message":"嘻嘻嘻"},"response":{"code":0,"message":"请求成功"},"timeLength":659}
2021-02-15 16:48:26 [http] {"method":"POST","url":"/api/admin/request","data":{"requestID":21,"isAgree":true,"message":"嘻嘻嘻"},"response":{},"timeLength":453}
2021-02-15 16:48:42 [http] {"method":"POST","url":"/api/admin/request","data":{"requestID":29,"isAgree":true,"message":"嘻嘻嘻"},"response":{},"timeLength":621}
2021-02-15 16:51:35 [http] {"method":"POST","url":"/api/admin/request","data":{"requestID":16,"isAgree":true,"message":"嘻嘻嘻"},"response":{},"timeLength":742}
2021-02-15 17:08:35 [http] {"method":"POST","url":"/api/admin/request","data":{"requestID":16,"isAgree":true,"message":"嘻嘻嘻"},"response":{"code":0,"message":"请求成功"},"timeLength":1009}
2021-03-07 16:14:25 [http] {"method":"GET","url":"/api/user/getInformDetail?informID=3","data":{},"response":{"code":0,"message":"获取成功"},"timeLength":365}
2021-03-07 16:14:46 [http] {"method":"GET","url":"/api/user/getInformDetail?informID=3","data":{},"response":{"code":0,"message":"获取成功"},"timeLength":187}
2021-03-07 16:16:11 [http] {"method":"GET","url":"/api/user/getInformDetail?informID=3","data":{},"response":{"code":0,"message":"获取成功"},"timeLength":192}
2021-03-14 21:20:54 [http] {"method":"POST","url":"/api/public/verificationCode/note","data":{"phoneNumber":"18185058651"},"response":{"code":0,"message":"发送成功"},"timeLength":16}
2021-03-14 21:46:22 [http] {"method":"GET","url":"/api/user/getInform","data":{},"response":{"code":-1,"message":"传递参数错误"},"timeLength":3}
2021-03-14 21:47:14 [http] {"method":"GET","url":"/api/user/getInform","data":{},"response":{"code":0,"message":"获取成功"},"timeLength":37}
2021-03-14 21:49:39 [http] {"method":"GET","url":"/api/user/getInform","data":{},"response":{"code":0,"message":"获取成功"},"timeLength":34}
2021-06-07 22:41:12 [http] {"method":"POST","url":"/api/public/verificationCode/note","data":{"phoneNumber":"18185058651"},"response":{"code":0,"message":"发送成功"},"timeLength":466}
2021-06-07 22:41:17 [http] {"method":"POST","url":"/api/login/note","data":{"phoneNumber":"18185058651","verification_code":"123456","platform":2},"response":{"code":0,"message":"登录成功"},"timeLength":353}
2021-06-07 22:41:31 [http] {"method":"POST","url":"/api/public/verificationCode/note","data":{"phoneNumber":"18185058651"},"response":{"code":0,"message":"发送成功"},"timeLength":22}
2021-06-07 22:41:42 [http] {"method":"POST","url":"/api/schedule/new","data":{"title":"标题4","content":"内容4"},"response":{"code":0,"message":"新建日程成功"},"timeLength":168}
2021-06-07 22:45:30 [http] {"method":"POST","url":"/api/schedule/new","data":{"title":"标题5","content":"内容5"},"response":{"code":0,"message":"新建日程成功"},"timeLength":102}
2021-06-08 08:05:41 [http] {"method":"GET","url":"/api/schedule/getList?year=2020&month=5&day=24","data":{},"response":{"code":0,"message":""},"timeLength":42}
2021-06-08 08:08:47 [http] {"method":"POST","url":"/api/schedule/new","data":{"title":"标题5","content":"内容5","ringSpaceing":10,"ringNumber":2},"response":{"code":0,"message":"新建日程成功"},"timeLength":405}
2021-06-08 08:09:18 [http] {"method":"GET","url":"/api/schedule/getList?year=2021&month=6&day=8","data":{},"response":{"code":0,"message":""},"timeLength":33}
2021-06-08 08:11:09 [http] {"method":"GET","url":"/api/schedule/getList?year=2021&month=6&day=8","data":{},"response":{"code":0,"message":""},"timeLength":36}
2021-06-08 08:11:13 [http] {"method":"GET","url":"/api/schedule/getList?year=2021&month=6&day=8","data":{},"response":{"code":0,"message":""},"timeLength":37}
2021-06-08 08:11:43 [http] {"method":"GET","url":"/api/schedule/getList?year=2021&month=6&day=8","data":{},"response":{"code":0,"message":""},"timeLength":48}
2021-06-08 08:12:27 [http] {"method":"GET","url":"/api/schedule/getList?year=2021&month=6&day=8","data":{},"response":{"code":0,"message":""},"timeLength":40}
2021-06-08 08:13:06 [http] {"method":"GET","url":"/api/schedule/getList?year=2021&month=6&day=8","data":{},"response":{"code":0,"message":""},"timeLength":43}
2021-06-08 08:31:15 [http] {"method":"POST","url":"/api/schedule/modify","data":{"schedule_id":13,"warn_time":"1623071040000","content":"内容6","title":"标题6","modify_ringSpaceing":"3"},"response":{"code":0,"message":"修改成功"},"timeLength":566}
2021-06-08 08:32:22 [http] {"method":"POST","url":"/api/schedule/modify","data":{"schedule_id":13,"warn_time":"1623071040000","content":"内容6","title":"标题6","modify_ringSpaceing":"3"},"response":{"code":0,"message":"修改成功"},"timeLength":522}
2021-06-08 08:37:03 [http] {"method":"GET","url":"/api/schedule/getList?year=2021&month=6&day=7","data":{},"response":{"code":0,"message":""},"timeLength":41}
2021-06-08 08:37:56 [http] {"method":"GET","url":"/api/schedule/getList?year=2021&month=6&day=7","data":{},"response":{"code":0,"message":""},"timeLength":42}
2021-06-08 08:38:27 [http] {"method":"GET","url":"/api/schedule/getList?year=2021&month=6&day=7","data":{},"response":{"code":0,"message":""},"timeLength":37}
2021-06-08 08:42:58 [http] {"method":"POST","url":"/api/schedule/modify","data":{"schedule_id":13,"warn_time":"1623071040000","content":"内容6","title":"标题6","modify_ringSpaceing":"3"},"response":{"code":0,"message":"修改成功"},"timeLength":1996}
2021-06-08 09:10:45 [http] {"method":"GET","url":"/api/schedule/getList?year=2021&month=6&day=7","data":{},"response":{"code":0,"message":""},"timeLength":37}
2021-06-12 09:37:15 [http] {"method":"GET","url":"/api/log/info?log_ID=21","data":{},"response":{"code":0,"message":""},"timeLength":24}
2021-06-12 09:47:58 [http] {"method":"GET","url":"/api/schedule/info?schedule_ID=14","data":{},"response":{"code":-1,"message":"暂无数据"},"timeLength":19}
2021-06-12 09:48:30 [http] {"method":"GET","url":"/api/schedule/info?schedule_ID=14","data":{},"response":{"code":-1,"message":"暂无数据"},"timeLength":19}
2021-06-12 09:48:53 [http] {"method":"GET","url":"/api/schedule/info?schedule_ID=14","data":{},"response":{"code":-1,"message":"暂无数据"},"timeLength":20}
2021-06-12 09:49:57 [http] {"method":"GET","url":"/api/schedule/info?schedule_ID=14","data":{},"response":{"code":-1,"message":"暂无数据"},"timeLength":21}
2021-06-12 09:51:12 [http] {"method":"GET","url":"/api/schedule/info?schedule_ID=14","data":{},"response":{"code":-1,"message":"暂无数据"},"timeLength":23}
2021-06-12 09:51:29 [http] {"method":"GET","url":"/api/schedule/info?schedule_ID=14","data":{},"response":{"code":0,"message":""},"timeLength":18}
2021-06-12 09:52:26 [http] {"method":"GET","url":"/api/schedule/info?schedule_ID=14","data":{},"response":{"code":0,"message":""},"timeLength":15}
