2021-03-14 15:36:12,443 ERROR 14392 [-/undefined/-/9118ms GET /api/ws] nodejs.TypeError: Cannot read property 'code' of undefined
    at E:\project\lawyer_platform\app\middleware\httpLog.js:15:19
    at processTicksAndRejections (internal/process/task_queues.js:97:5)
    at async E:\plugin\egg-router-auth\app\middleware\verifyParams.js:11:7
    at async E:\plugin\egg-router-auth\app\middleware\verifyAuth.js:38:7
    at async E:\project\lawyer_platform\node_modules\egg-development\app\middleware\egg_loader_trace.js:9:50
    at async xframe (E:\project\lawyer_platform\node_modules\egg-security\lib\middlewares\xframe.js:7:5)
    at async xssProtection (E:\project\lawyer_platform\node_modules\egg-security\lib\middlewares\xssProtection.js:7:5)
    at async nosniff (E:\project\lawyer_platform\node_modules\egg-security\lib\middlewares\nosniff.js:8:5)
    at async noopen (E:\project\lawyer_platform\node_modules\egg-security\lib\middlewares\noopen.js:8:5)
    at async session (E:\project\lawyer_platform\node_modules\koa-session\index.js:41:7)
    at async bodyParser (E:\project\lawyer_platform\node_modules\koa-bodyparser\index.js:95:5)
    at async E:\project\lawyer_platform\node_modules\koa-static-cache\index.js:41:56
    at async notfound (E:\project\lawyer_platform\node_modules\egg\app\middleware\notfound.js:5:5)
    at async meta (E:\project\lawyer_platform\node_modules\egg\app\middleware\meta.js:17:5)
    at async cors (E:\project\lawyer_platform\node_modules\@koa\cors\index.js:98:16)
headers: {"Access-Control-Allow-Origin":"*","vary":"Origin"}
pid: 14392
hostname: DESKTOP-89NQFV3

2021-03-14 21:49:53,177 ERROR 13444 [egg-websocket-plugin] error:  [egg-websocket-plugin] redis pub/sub adapter configure not found
2021-03-14 21:49:55,481 ERROR 13444 [-/undefined/-/2305ms GET /api/case/WSconnect] nodejs.TypeError: Cannot read property 'code' of undefined
    at E:\project\lawyer_platform\app\middleware\httpLog.js:15:19
    at async E:\plugin\egg-router-auth\app\middleware\verifyParams.js:11:7
    at async E:\plugin\egg-router-auth\app\middleware\verifyAuth.js:17:7
    at async E:\project\lawyer_platform\node_modules\egg-development\app\middleware\egg_loader_trace.js:9:50
    at async xframe (E:\project\lawyer_platform\node_modules\egg-security\lib\middlewares\xframe.js:7:5)
    at async xssProtection (E:\project\lawyer_platform\node_modules\egg-security\lib\middlewares\xssProtection.js:7:5)
    at async nosniff (E:\project\lawyer_platform\node_modules\egg-security\lib\middlewares\nosniff.js:8:5)
    at async noopen (E:\project\lawyer_platform\node_modules\egg-security\lib\middlewares\noopen.js:8:5)
    at async session (E:\project\lawyer_platform\node_modules\koa-session\index.js:41:7)
    at async bodyParser (E:\project\lawyer_platform\node_modules\koa-bodyparser\index.js:95:5)
    at async E:\project\lawyer_platform\node_modules\koa-static-cache\index.js:41:56
    at async notfound (E:\project\lawyer_platform\node_modules\egg\app\middleware\notfound.js:5:5)
    at async meta (E:\project\lawyer_platform\node_modules\egg\app\middleware\meta.js:17:5)
    at async cors (E:\project\lawyer_platform\node_modules\@koa\cors\index.js:98:16)
headers: {"Access-Control-Allow-Origin":"*","vary":"Origin"}
pid: 13444
hostname: DESKTOP-89NQFV3

2021-03-14 21:50:42,631 ERROR 24224 [egg-websocket-plugin] error:  [egg-websocket-plugin] redis pub/sub adapter configure not found
2021-03-14 21:50:57,176 ERROR 24224 [egg-websocket-plugin] error:  [egg-websocket-plugin] redis pub/sub adapter configure not found
2021-06-08 08:29:52,539 ERROR 5264 nodejs.ClusterClientNoResponseError: client no response in 200830ms exceeding maxIdleTime 60000ms, maybe the connection is close on other side.
    at Timeout._onTimeout (E:\project\lawyer_platform\node_modules\cluster-client\lib\leader.js:77:23)
    at listOnTimeout (node:internal/timers:557:17)
    at processTimers (node:internal/timers:500:7)
name: "ClusterClientNoResponseError"
pid: 5264
hostname: DESKTOP-7D5NGTR

