2021-02-06 14:03:43,519 INFO 4400 [egg-schedule]: register schedule E:\project\lawyer_platform\node_modules\egg-multipart\app\schedule\clean_tmpdir.js
2021-02-06 14:03:43,519 INFO 4400 [egg-schedule]: register schedule E:\project\lawyer_platform\node_modules\egg-logrotator\app\schedule\clean_log.js
2021-02-06 14:03:43,519 INFO 4400 [egg-schedule]: register schedule E:\project\lawyer_platform\node_modules\egg-logrotator\app\schedule\rotate_by_file.js
2021-02-06 14:03:41,363 INFO 5600 [egg-schedule]: register schedule E:\project\lawyer_platform\node_modules\egg-multipart\app\schedule\clean_tmpdir.js
2021-02-06 14:03:41,363 INFO 5600 [egg-schedule]: register schedule E:\project\lawyer_platform\node_modules\egg-logrotator\app\schedule\clean_log.js
2021-02-06 14:03:41,363 INFO 5600 [egg-schedule]: register schedule E:\project\lawyer_platform\node_modules\egg-logrotator\app\schedule\rotate_by_file.js
2021-02-06 14:03:49,837 INFO 11092 [Timer] E:\project\lawyer_platform\node_modules\egg-multipart\app\schedule\clean_tmpdir.js next time will execute after 51970167ms at 2021-02-07 04:30:00.003
2021-02-06 14:03:49,837 INFO 11092 [Timer] E:\project\lawyer_platform\node_modules\egg-logrotator\app\schedule\clean_log.js next time will execute after 35770163ms at 2021-02-07 00:00:00.000
2021-02-06 14:03:49,837 INFO 11092 [Timer] E:\project\lawyer_platform\node_modules\egg-logrotator\app\schedule\rotate_by_file.js next time will execute after 35771163ms at 2021-02-07 00:00:01.000
2021-02-06 14:03:51,428 INFO 3284 [egg-schedule]: register schedule E:\project\lawyer_platform\node_modules\egg-multipart\app\schedule\clean_tmpdir.js
2021-02-06 14:03:51,428 INFO 3284 [egg-schedule]: register schedule E:\project\lawyer_platform\node_modules\egg-logrotator\app\schedule\clean_log.js
2021-02-06 14:03:51,428 INFO 3284 [egg-schedule]: register schedule E:\project\lawyer_platform\node_modules\egg-logrotator\app\schedule\rotate_by_file.js
2021-02-06 15:13:37,189 INFO 19088 [egg-schedule]: register schedule E:\project\lawyer_platform\node_modules\egg-multipart\app\schedule\clean_tmpdir.js
2021-02-06 15:13:37,189 INFO 19088 [egg-schedule]: register schedule E:\project\lawyer_platform\node_modules\egg-logrotator\app\schedule\clean_log.js
2021-02-06 15:13:37,189 INFO 19088 [egg-schedule]: register schedule E:\project\lawyer_platform\node_modules\egg-logrotator\app\schedule\rotate_by_file.js
2021-02-06 15:13:34,927 INFO 1436 [egg-schedule]: register schedule E:\project\lawyer_platform\node_modules\egg-multipart\app\schedule\clean_tmpdir.js
2021-02-06 15:13:34,927 INFO 1436 [egg-schedule]: register schedule E:\project\lawyer_platform\node_modules\egg-logrotator\app\schedule\clean_log.js
2021-02-06 15:13:34,927 INFO 1436 [egg-schedule]: register schedule E:\project\lawyer_platform\node_modules\egg-logrotator\app\schedule\rotate_by_file.js
2021-02-06 15:13:45,960 INFO 11504 [Timer] E:\project\lawyer_platform\node_modules\egg-multipart\app\schedule\clean_tmpdir.js next time will execute after 47774044ms at 2021-02-07 04:30:00.004
2021-02-06 15:13:45,960 INFO 11504 [Timer] E:\project\lawyer_platform\node_modules\egg-logrotator\app\schedule\clean_log.js next time will execute after 31574040ms at 2021-02-07 00:00:00.000
2021-02-06 15:13:45,961 INFO 11504 [Timer] E:\project\lawyer_platform\node_modules\egg-logrotator\app\schedule\rotate_by_file.js next time will execute after 31575040ms at 2021-02-07 00:00:01.001
2021-02-06 15:13:46,989 INFO 6716 [egg-schedule]: register schedule E:\project\lawyer_platform\node_modules\egg-multipart\app\schedule\clean_tmpdir.js
2021-02-06 15:13:46,989 INFO 6716 [egg-schedule]: register schedule E:\project\lawyer_platform\node_modules\egg-logrotator\app\schedule\clean_log.js
2021-02-06 15:13:46,989 INFO 6716 [egg-schedule]: register schedule E:\project\lawyer_platform\node_modules\egg-logrotator\app\schedule\rotate_by_file.js
2021-02-06 15:19:56,041 INFO 14172 [egg-schedule]: register schedule E:\project\lawyer_platform\node_modules\egg-multipart\app\schedule\clean_tmpdir.js
2021-02-06 15:19:56,041 INFO 14172 [egg-schedule]: register schedule E:\project\lawyer_platform\node_modules\egg-logrotator\app\schedule\clean_log.js
2021-02-06 15:19:56,041 INFO 14172 [egg-schedule]: register schedule E:\project\lawyer_platform\node_modules\egg-logrotator\app\schedule\rotate_by_file.js
2021-02-06 15:21:57,498 INFO 10908 [egg-schedule]: register schedule E:\project\lawyer_platform\node_modules\egg-multipart\app\schedule\clean_tmpdir.js
2021-02-06 15:21:57,498 INFO 10908 [egg-schedule]: register schedule E:\project\lawyer_platform\node_modules\egg-logrotator\app\schedule\clean_log.js
2021-02-06 15:21:57,498 INFO 10908 [egg-schedule]: register schedule E:\project\lawyer_platform\node_modules\egg-logrotator\app\schedule\rotate_by_file.js
2021-02-06 15:23:11,065 INFO 3128 [egg-schedule]: register schedule E:\project\lawyer_platform\node_modules\egg-multipart\app\schedule\clean_tmpdir.js
2021-02-06 15:23:11,065 INFO 3128 [egg-schedule]: register schedule E:\project\lawyer_platform\node_modules\egg-logrotator\app\schedule\clean_log.js
2021-02-06 15:23:11,065 INFO 3128 [egg-schedule]: register schedule E:\project\lawyer_platform\node_modules\egg-logrotator\app\schedule\rotate_by_file.js
2021-02-06 15:24:22,901 INFO 4836 [egg-schedule]: register schedule E:\project\lawyer_platform\node_modules\egg-multipart\app\schedule\clean_tmpdir.js
2021-02-06 15:24:22,901 INFO 4836 [egg-schedule]: register schedule E:\project\lawyer_platform\node_modules\egg-logrotator\app\schedule\clean_log.js
2021-02-06 15:24:22,901 INFO 4836 [egg-schedule]: register schedule E:\project\lawyer_platform\node_modules\egg-logrotator\app\schedule\rotate_by_file.js
2021-02-06 15:41:12,778 INFO 5052 [egg-schedule]: register schedule E:\project\lawyer_platform\node_modules\egg-multipart\app\schedule\clean_tmpdir.js
2021-02-06 15:41:12,778 INFO 5052 [egg-schedule]: register schedule E:\project\lawyer_platform\node_modules\egg-logrotator\app\schedule\clean_log.js
2021-02-06 15:41:12,778 INFO 5052 [egg-schedule]: register schedule E:\project\lawyer_platform\node_modules\egg-logrotator\app\schedule\rotate_by_file.js
2021-02-06 15:41:25,104 INFO 20172 [Timer] E:\project\lawyer_platform\node_modules\egg-multipart\app\schedule\clean_tmpdir.js next time will execute after 46114899ms at 2021-02-07 04:30:00.003
2021-02-06 15:41:25,104 INFO 20172 [Timer] E:\project\lawyer_platform\node_modules\egg-logrotator\app\schedule\clean_log.js next time will execute after 29914896ms at 2021-02-07 00:00:00.000
2021-02-06 15:41:25,105 INFO 20172 [Timer] E:\project\lawyer_platform\node_modules\egg-logrotator\app\schedule\rotate_by_file.js next time will execute after 29915896ms at 2021-02-07 00:00:01.001
2021-02-06 15:42:08,240 INFO 6088 [egg-schedule]: register schedule E:\project\lawyer_platform\node_modules\egg-multipart\app\schedule\clean_tmpdir.js
2021-02-06 15:42:08,240 INFO 6088 [egg-schedule]: register schedule E:\project\lawyer_platform\node_modules\egg-logrotator\app\schedule\clean_log.js
2021-02-06 15:42:08,240 INFO 6088 [egg-schedule]: register schedule E:\project\lawyer_platform\node_modules\egg-logrotator\app\schedule\rotate_by_file.js
2021-02-07 22:54:53,853 INFO 18372 [egg-schedule]: register schedule E:\project\lawyer_platform\node_modules\egg-multipart\app\schedule\clean_tmpdir.js
2021-02-07 22:54:53,853 INFO 18372 [egg-schedule]: register schedule E:\project\lawyer_platform\node_modules\egg-logrotator\app\schedule\clean_log.js
2021-02-07 22:54:53,853 INFO 18372 [egg-schedule]: register schedule E:\project\lawyer_platform\node_modules\egg-logrotator\app\schedule\rotate_by_file.js
2021-02-07 22:55:02,584 INFO 14740 [Timer] E:\project\lawyer_platform\node_modules\egg-multipart\app\schedule\clean_tmpdir.js next time will execute after 20097424ms at 2021-02-08 04:30:00.008
2021-02-07 22:55:02,585 INFO 14740 [Timer] E:\project\lawyer_platform\node_modules\egg-logrotator\app\schedule\clean_log.js next time will execute after 3897416ms at 2021-02-08 00:00:00.001
2021-02-07 22:55:02,586 INFO 14740 [Timer] E:\project\lawyer_platform\node_modules\egg-logrotator\app\schedule\rotate_by_file.js next time will execute after 3898415ms at 2021-02-08 00:00:01.001
2021-02-07 22:56:18,900 INFO 15020 [egg-schedule]: register schedule E:\project\lawyer_platform\node_modules\egg-multipart\app\schedule\clean_tmpdir.js
2021-02-07 22:56:18,900 INFO 15020 [egg-schedule]: register schedule E:\project\lawyer_platform\node_modules\egg-logrotator\app\schedule\clean_log.js
2021-02-07 22:56:18,900 INFO 15020 [egg-schedule]: register schedule E:\project\lawyer_platform\node_modules\egg-logrotator\app\schedule\rotate_by_file.js
2021-02-07 22:56:30,909 INFO 7432 [egg-schedule]: register schedule E:\project\lawyer_platform\node_modules\egg-multipart\app\schedule\clean_tmpdir.js
2021-02-07 22:56:30,909 INFO 7432 [egg-schedule]: register schedule E:\project\lawyer_platform\node_modules\egg-logrotator\app\schedule\clean_log.js
2021-02-07 22:56:30,909 INFO 7432 [egg-schedule]: register schedule E:\project\lawyer_platform\node_modules\egg-logrotator\app\schedule\rotate_by_file.js
2021-02-07 22:57:00,483 INFO 14348 [egg-schedule]: register schedule E:\project\lawyer_platform\node_modules\egg-multipart\app\schedule\clean_tmpdir.js
2021-02-07 22:57:00,483 INFO 14348 [egg-schedule]: register schedule E:\project\lawyer_platform\node_modules\egg-logrotator\app\schedule\clean_log.js
2021-02-07 22:57:00,483 INFO 14348 [egg-schedule]: register schedule E:\project\lawyer_platform\node_modules\egg-logrotator\app\schedule\rotate_by_file.js
2021-02-07 22:57:14,127 INFO 20388 [egg-schedule]: register schedule E:\project\lawyer_platform\node_modules\egg-multipart\app\schedule\clean_tmpdir.js
2021-02-07 22:57:14,127 INFO 20388 [egg-schedule]: register schedule E:\project\lawyer_platform\node_modules\egg-logrotator\app\schedule\clean_log.js
2021-02-07 22:57:14,127 INFO 20388 [egg-schedule]: register schedule E:\project\lawyer_platform\node_modules\egg-logrotator\app\schedule\rotate_by_file.js
2021-02-07 22:58:38,048 INFO 15572 [egg-schedule]: register schedule E:\project\lawyer_platform\node_modules\egg-multipart\app\schedule\clean_tmpdir.js
2021-02-07 22:58:38,048 INFO 15572 [egg-schedule]: register schedule E:\project\lawyer_platform\node_modules\egg-logrotator\app\schedule\clean_log.js
2021-02-07 22:58:38,048 INFO 15572 [egg-schedule]: register schedule E:\project\lawyer_platform\node_modules\egg-logrotator\app\schedule\rotate_by_file.js
2021-02-07 22:58:50,850 INFO 8352 [egg-schedule]: register schedule E:\project\lawyer_platform\node_modules\egg-multipart\app\schedule\clean_tmpdir.js
2021-02-07 22:58:50,850 INFO 8352 [egg-schedule]: register schedule E:\project\lawyer_platform\node_modules\egg-logrotator\app\schedule\clean_log.js
2021-02-07 22:58:50,850 INFO 8352 [egg-schedule]: register schedule E:\project\lawyer_platform\node_modules\egg-logrotator\app\schedule\rotate_by_file.js
2021-02-07 22:59:26,727 INFO 2320 [egg-schedule]: register schedule E:\project\lawyer_platform\node_modules\egg-multipart\app\schedule\clean_tmpdir.js
2021-02-07 22:59:26,727 INFO 2320 [egg-schedule]: register schedule E:\project\lawyer_platform\node_modules\egg-logrotator\app\schedule\clean_log.js
2021-02-07 22:59:26,727 INFO 2320 [egg-schedule]: register schedule E:\project\lawyer_platform\node_modules\egg-logrotator\app\schedule\rotate_by_file.js
2021-02-07 23:03:17,334 INFO 10332 [egg-schedule]: register schedule E:\project\lawyer_platform\node_modules\egg-multipart\app\schedule\clean_tmpdir.js
2021-02-07 23:03:17,334 INFO 10332 [egg-schedule]: register schedule E:\project\lawyer_platform\node_modules\egg-logrotator\app\schedule\clean_log.js
2021-02-07 23:03:17,334 INFO 10332 [egg-schedule]: register schedule E:\project\lawyer_platform\node_modules\egg-logrotator\app\schedule\rotate_by_file.js
2021-02-07 23:03:32,706 INFO 3280 [egg-schedule]: register schedule E:\project\lawyer_platform\node_modules\egg-multipart\app\schedule\clean_tmpdir.js
2021-02-07 23:03:32,706 INFO 3280 [egg-schedule]: register schedule E:\project\lawyer_platform\node_modules\egg-logrotator\app\schedule\clean_log.js
2021-02-07 23:03:32,706 INFO 3280 [egg-schedule]: register schedule E:\project\lawyer_platform\node_modules\egg-logrotator\app\schedule\rotate_by_file.js
2021-02-07 23:04:07,384 INFO 10444 [egg-schedule]: register schedule E:\project\lawyer_platform\node_modules\egg-multipart\app\schedule\clean_tmpdir.js
2021-02-07 23:04:07,384 INFO 10444 [egg-schedule]: register schedule E:\project\lawyer_platform\node_modules\egg-logrotator\app\schedule\clean_log.js
2021-02-07 23:04:07,384 INFO 10444 [egg-schedule]: register schedule E:\project\lawyer_platform\node_modules\egg-logrotator\app\schedule\rotate_by_file.js
2021-02-07 23:04:27,665 INFO 18612 [egg-schedule]: register schedule E:\project\lawyer_platform\node_modules\egg-multipart\app\schedule\clean_tmpdir.js
2021-02-07 23:04:27,665 INFO 18612 [egg-schedule]: register schedule E:\project\lawyer_platform\node_modules\egg-logrotator\app\schedule\clean_log.js
2021-02-07 23:04:27,665 INFO 18612 [egg-schedule]: register schedule E:\project\lawyer_platform\node_modules\egg-logrotator\app\schedule\rotate_by_file.js
2021-02-07 23:04:32,469 INFO 6760 [egg-schedule]: register schedule E:\project\lawyer_platform\node_modules\egg-multipart\app\schedule\clean_tmpdir.js
2021-02-07 23:04:32,469 INFO 6760 [egg-schedule]: register schedule E:\project\lawyer_platform\node_modules\egg-logrotator\app\schedule\clean_log.js
2021-02-07 23:04:32,469 INFO 6760 [egg-schedule]: register schedule E:\project\lawyer_platform\node_modules\egg-logrotator\app\schedule\rotate_by_file.js
2021-02-07 23:04:47,041 INFO 12796 [egg-schedule]: register schedule E:\project\lawyer_platform\node_modules\egg-multipart\app\schedule\clean_tmpdir.js
2021-02-07 23:04:47,041 INFO 12796 [egg-schedule]: register schedule E:\project\lawyer_platform\node_modules\egg-logrotator\app\schedule\clean_log.js
2021-02-07 23:04:47,041 INFO 12796 [egg-schedule]: register schedule E:\project\lawyer_platform\node_modules\egg-logrotator\app\schedule\rotate_by_file.js
2021-02-07 23:04:54,105 INFO 12804 [egg-schedule]: register schedule E:\project\lawyer_platform\node_modules\egg-multipart\app\schedule\clean_tmpdir.js
2021-02-07 23:04:54,105 INFO 12804 [egg-schedule]: register schedule E:\project\lawyer_platform\node_modules\egg-logrotator\app\schedule\clean_log.js
2021-02-07 23:04:54,105 INFO 12804 [egg-schedule]: register schedule E:\project\lawyer_platform\node_modules\egg-logrotator\app\schedule\rotate_by_file.js
2021-02-07 23:05:46,756 INFO 20028 [egg-schedule]: register schedule E:\project\lawyer_platform\node_modules\egg-multipart\app\schedule\clean_tmpdir.js
2021-02-07 23:05:46,756 INFO 20028 [egg-schedule]: register schedule E:\project\lawyer_platform\node_modules\egg-logrotator\app\schedule\clean_log.js
2021-02-07 23:05:46,756 INFO 20028 [egg-schedule]: register schedule E:\project\lawyer_platform\node_modules\egg-logrotator\app\schedule\rotate_by_file.js
2021-02-07 23:06:04,564 INFO 17904 [egg-schedule]: register schedule E:\project\lawyer_platform\node_modules\egg-multipart\app\schedule\clean_tmpdir.js
2021-02-07 23:06:04,564 INFO 17904 [egg-schedule]: register schedule E:\project\lawyer_platform\node_modules\egg-logrotator\app\schedule\clean_log.js
2021-02-07 23:06:04,564 INFO 17904 [egg-schedule]: register schedule E:\project\lawyer_platform\node_modules\egg-logrotator\app\schedule\rotate_by_file.js
2021-02-07 23:06:26,097 INFO 2300 [egg-schedule]: register schedule E:\project\lawyer_platform\node_modules\egg-multipart\app\schedule\clean_tmpdir.js
2021-02-07 23:06:26,097 INFO 2300 [egg-schedule]: register schedule E:\project\lawyer_platform\node_modules\egg-logrotator\app\schedule\clean_log.js
2021-02-07 23:06:26,097 INFO 2300 [egg-schedule]: register schedule E:\project\lawyer_platform\node_modules\egg-logrotator\app\schedule\rotate_by_file.js
2021-02-07 23:06:33,313 INFO 10676 [egg-schedule]: register schedule E:\project\lawyer_platform\node_modules\egg-multipart\app\schedule\clean_tmpdir.js
2021-02-07 23:06:33,313 INFO 10676 [egg-schedule]: register schedule E:\project\lawyer_platform\node_modules\egg-logrotator\app\schedule\clean_log.js
2021-02-07 23:06:33,313 INFO 10676 [egg-schedule]: register schedule E:\project\lawyer_platform\node_modules\egg-logrotator\app\schedule\rotate_by_file.js
2021-02-07 23:07:33,364 INFO 5568 [egg-schedule]: register schedule E:\project\lawyer_platform\node_modules\egg-multipart\app\schedule\clean_tmpdir.js
2021-02-07 23:07:33,364 INFO 5568 [egg-schedule]: register schedule E:\project\lawyer_platform\node_modules\egg-logrotator\app\schedule\clean_log.js
2021-02-07 23:07:33,364 INFO 5568 [egg-schedule]: register schedule E:\project\lawyer_platform\node_modules\egg-logrotator\app\schedule\rotate_by_file.js
2021-02-15 16:45:46,736 INFO 8536 [egg-schedule]: register schedule E:\project\lawyer_platform\node_modules\egg-multipart\app\schedule\clean_tmpdir.js
2021-02-15 16:45:46,736 INFO 8536 [egg-schedule]: register schedule E:\project\lawyer_platform\node_modules\egg-logrotator\app\schedule\clean_log.js
2021-02-15 16:45:46,736 INFO 8536 [egg-schedule]: register schedule E:\project\lawyer_platform\node_modules\egg-logrotator\app\schedule\rotate_by_file.js
2021-02-15 16:45:49,194 INFO 22264 [egg-schedule]: register schedule E:\project\lawyer_platform\node_modules\egg-multipart\app\schedule\clean_tmpdir.js
2021-02-15 16:45:49,194 INFO 22264 [egg-schedule]: register schedule E:\project\lawyer_platform\node_modules\egg-logrotator\app\schedule\clean_log.js
2021-02-15 16:45:49,194 INFO 22264 [egg-schedule]: register schedule E:\project\lawyer_platform\node_modules\egg-logrotator\app\schedule\rotate_by_file.js
2021-02-15 16:45:57,058 INFO 12772 [Timer] E:\project\lawyer_platform\node_modules\egg-multipart\app\schedule\clean_tmpdir.js next time will execute after 42242946ms at 2021-02-16 04:30:00.004
2021-02-15 16:45:57,059 INFO 12772 [Timer] E:\project\lawyer_platform\node_modules\egg-logrotator\app\schedule\clean_log.js next time will execute after 26042942ms at 2021-02-16 00:00:00.001
2021-02-15 16:45:57,059 INFO 12772 [Timer] E:\project\lawyer_platform\node_modules\egg-logrotator\app\schedule\rotate_by_file.js next time will execute after 26043941ms at 2021-02-16 00:00:01.000
2021-02-15 16:45:58,133 INFO 7332 [egg-schedule]: register schedule E:\project\lawyer_platform\node_modules\egg-multipart\app\schedule\clean_tmpdir.js
2021-02-15 16:45:58,133 INFO 7332 [egg-schedule]: register schedule E:\project\lawyer_platform\node_modules\egg-logrotator\app\schedule\clean_log.js
2021-02-15 16:45:58,133 INFO 7332 [egg-schedule]: register schedule E:\project\lawyer_platform\node_modules\egg-logrotator\app\schedule\rotate_by_file.js
2021-02-15 16:47:34,496 INFO 18904 [egg-schedule]: register schedule E:\project\lawyer_platform\node_modules\egg-multipart\app\schedule\clean_tmpdir.js
2021-02-15 16:47:34,496 INFO 18904 [egg-schedule]: register schedule E:\project\lawyer_platform\node_modules\egg-logrotator\app\schedule\clean_log.js
2021-02-15 16:47:34,496 INFO 18904 [egg-schedule]: register schedule E:\project\lawyer_platform\node_modules\egg-logrotator\app\schedule\rotate_by_file.js
2021-02-15 16:48:23,258 INFO 10536 [egg-schedule]: register schedule E:\project\lawyer_platform\node_modules\egg-multipart\app\schedule\clean_tmpdir.js
2021-02-15 16:48:23,258 INFO 10536 [egg-schedule]: register schedule E:\project\lawyer_platform\node_modules\egg-logrotator\app\schedule\clean_log.js
2021-02-15 16:48:23,258 INFO 10536 [egg-schedule]: register schedule E:\project\lawyer_platform\node_modules\egg-logrotator\app\schedule\rotate_by_file.js
2021-02-15 17:02:05,602 INFO 3336 [egg-schedule]: register schedule E:\project\lawyer_platform\node_modules\egg-multipart\app\schedule\clean_tmpdir.js
2021-02-15 17:02:05,602 INFO 3336 [egg-schedule]: register schedule E:\project\lawyer_platform\node_modules\egg-logrotator\app\schedule\clean_log.js
2021-02-15 17:02:05,602 INFO 3336 [egg-schedule]: register schedule E:\project\lawyer_platform\node_modules\egg-logrotator\app\schedule\rotate_by_file.js
2021-02-15 17:02:12,378 INFO 9200 [egg-schedule]: register schedule E:\project\lawyer_platform\node_modules\egg-multipart\app\schedule\clean_tmpdir.js
2021-02-15 17:02:12,378 INFO 9200 [egg-schedule]: register schedule E:\project\lawyer_platform\node_modules\egg-logrotator\app\schedule\clean_log.js
2021-02-15 17:02:12,378 INFO 9200 [egg-schedule]: register schedule E:\project\lawyer_platform\node_modules\egg-logrotator\app\schedule\rotate_by_file.js
2021-02-15 17:03:38,263 INFO 19588 [egg-schedule]: register schedule E:\project\lawyer_platform\node_modules\egg-multipart\app\schedule\clean_tmpdir.js
2021-02-15 17:03:38,263 INFO 19588 [egg-schedule]: register schedule E:\project\lawyer_platform\node_modules\egg-logrotator\app\schedule\clean_log.js
2021-02-15 17:03:38,263 INFO 19588 [egg-schedule]: register schedule E:\project\lawyer_platform\node_modules\egg-logrotator\app\schedule\rotate_by_file.js
2021-02-15 17:08:30,909 INFO 13640 [egg-schedule]: register schedule E:\project\lawyer_platform\node_modules\egg-multipart\app\schedule\clean_tmpdir.js
2021-02-15 17:08:30,909 INFO 13640 [egg-schedule]: register schedule E:\project\lawyer_platform\node_modules\egg-logrotator\app\schedule\clean_log.js
2021-02-15 17:08:30,909 INFO 13640 [egg-schedule]: register schedule E:\project\lawyer_platform\node_modules\egg-logrotator\app\schedule\rotate_by_file.js
2021-03-07 16:13:57,663 INFO 14552 [egg-schedule]: register schedule E:\project\lawyer_platform\node_modules\egg-multipart\app\schedule\clean_tmpdir.js
2021-03-07 16:13:57,663 INFO 14552 [egg-schedule]: register schedule E:\project\lawyer_platform\node_modules\egg-logrotator\app\schedule\clean_log.js
2021-03-07 16:13:57,664 INFO 14552 [egg-schedule]: register schedule E:\project\lawyer_platform\node_modules\egg-logrotator\app\schedule\rotate_by_file.js
2021-03-07 16:14:06,156 INFO 6632 [Timer] E:\project\lawyer_platform\node_modules\egg-multipart\app\schedule\clean_tmpdir.js next time will execute after 44153846ms at 2021-03-08 04:30:00.002
2021-03-07 16:14:06,156 INFO 6632 [Timer] E:\project\lawyer_platform\node_modules\egg-logrotator\app\schedule\clean_log.js next time will execute after 27953844ms at 2021-03-08 00:00:00.000
2021-03-07 16:14:06,156 INFO 6632 [Timer] E:\project\lawyer_platform\node_modules\egg-logrotator\app\schedule\rotate_by_file.js next time will execute after 27954844ms at 2021-03-08 00:00:01.000
2021-03-07 16:14:40,621 INFO 15560 [egg-schedule]: register schedule E:\project\lawyer_platform\node_modules\egg-multipart\app\schedule\clean_tmpdir.js
2021-03-07 16:14:40,621 INFO 15560 [egg-schedule]: register schedule E:\project\lawyer_platform\node_modules\egg-logrotator\app\schedule\clean_log.js
2021-03-07 16:14:40,621 INFO 15560 [egg-schedule]: register schedule E:\project\lawyer_platform\node_modules\egg-logrotator\app\schedule\rotate_by_file.js
2021-03-07 16:16:06,001 INFO 18696 [egg-schedule]: register schedule E:\project\lawyer_platform\node_modules\egg-multipart\app\schedule\clean_tmpdir.js
2021-03-07 16:16:06,001 INFO 18696 [egg-schedule]: register schedule E:\project\lawyer_platform\node_modules\egg-logrotator\app\schedule\clean_log.js
2021-03-07 16:16:06,001 INFO 18696 [egg-schedule]: register schedule E:\project\lawyer_platform\node_modules\egg-logrotator\app\schedule\rotate_by_file.js
2021-03-07 16:16:08,096 INFO 5880 [egg-schedule]: register schedule E:\project\lawyer_platform\node_modules\egg-multipart\app\schedule\clean_tmpdir.js
2021-03-07 16:16:08,096 INFO 5880 [egg-schedule]: register schedule E:\project\lawyer_platform\node_modules\egg-logrotator\app\schedule\clean_log.js
2021-03-07 16:16:08,096 INFO 5880 [egg-schedule]: register schedule E:\project\lawyer_platform\node_modules\egg-logrotator\app\schedule\rotate_by_file.js
2021-03-13 14:48:24,717 INFO 7028 [egg-schedule]: register schedule E:\project\lawyer_platform\node_modules\egg-multipart\app\schedule\clean_tmpdir.js
2021-03-13 14:48:24,717 INFO 7028 [egg-schedule]: register schedule E:\project\lawyer_platform\node_modules\egg-logrotator\app\schedule\clean_log.js
2021-03-13 14:48:24,717 INFO 7028 [egg-schedule]: register schedule E:\project\lawyer_platform\node_modules\egg-logrotator\app\schedule\rotate_by_file.js
2021-03-13 14:48:34,544 INFO 13872 [Timer] E:\project\lawyer_platform\node_modules\egg-multipart\app\schedule\clean_tmpdir.js next time will execute after 49285458ms at 2021-03-14 04:30:00.002
2021-03-13 14:48:34,545 INFO 13872 [Timer] E:\project\lawyer_platform\node_modules\egg-logrotator\app\schedule\clean_log.js next time will execute after 33085456ms at 2021-03-14 00:00:00.001
2021-03-13 14:48:34,545 INFO 13872 [Timer] E:\project\lawyer_platform\node_modules\egg-logrotator\app\schedule\rotate_by_file.js next time will execute after 33086455ms at 2021-03-14 00:00:01.000
2021-03-13 14:54:15,455 INFO 21700 [egg-schedule]: register schedule E:\project\lawyer_platform\node_modules\egg-multipart\app\schedule\clean_tmpdir.js
2021-03-13 14:54:15,455 INFO 21700 [egg-schedule]: register schedule E:\project\lawyer_platform\node_modules\egg-logrotator\app\schedule\clean_log.js
2021-03-13 14:54:15,455 INFO 21700 [egg-schedule]: register schedule E:\project\lawyer_platform\node_modules\egg-logrotator\app\schedule\rotate_by_file.js
2021-03-13 14:54:46,523 INFO 12028 [egg-schedule]: register schedule E:\project\lawyer_platform\node_modules\egg-multipart\app\schedule\clean_tmpdir.js
2021-03-13 14:54:46,523 INFO 12028 [egg-schedule]: register schedule E:\project\lawyer_platform\node_modules\egg-logrotator\app\schedule\clean_log.js
2021-03-13 14:54:46,523 INFO 12028 [egg-schedule]: register schedule E:\project\lawyer_platform\node_modules\egg-logrotator\app\schedule\rotate_by_file.js
2021-03-13 14:54:57,787 INFO 9620 [egg-schedule]: register schedule E:\project\lawyer_platform\node_modules\egg-multipart\app\schedule\clean_tmpdir.js
2021-03-13 14:54:57,787 INFO 9620 [egg-schedule]: register schedule E:\project\lawyer_platform\node_modules\egg-logrotator\app\schedule\clean_log.js
2021-03-13 14:54:57,787 INFO 9620 [egg-schedule]: register schedule E:\project\lawyer_platform\node_modules\egg-logrotator\app\schedule\rotate_by_file.js
2021-03-13 14:55:39,001 INFO 14972 [egg-schedule]: register schedule E:\project\lawyer_platform\node_modules\egg-multipart\app\schedule\clean_tmpdir.js
2021-03-13 14:55:39,001 INFO 14972 [egg-schedule]: register schedule E:\project\lawyer_platform\node_modules\egg-logrotator\app\schedule\clean_log.js
2021-03-13 14:55:39,001 INFO 14972 [egg-schedule]: register schedule E:\project\lawyer_platform\node_modules\egg-logrotator\app\schedule\rotate_by_file.js
2021-03-13 14:55:39,918 INFO 1904 [Timer] E:\project\lawyer_platform\node_modules\egg-multipart\app\schedule\clean_tmpdir.js next time will execute after 48860084ms at 2021-03-14 04:30:00.002
2021-03-13 14:55:39,919 INFO 1904 [Timer] E:\project\lawyer_platform\node_modules\egg-logrotator\app\schedule\clean_log.js next time will execute after 32660082ms at 2021-03-14 00:00:00.001
2021-03-13 14:55:39,919 INFO 1904 [Timer] E:\project\lawyer_platform\node_modules\egg-logrotator\app\schedule\rotate_by_file.js next time will execute after 32661081ms at 2021-03-14 00:00:01.000
2021-03-13 14:56:05,868 INFO 9556 [egg-schedule]: register schedule E:\project\lawyer_platform\node_modules\egg-multipart\app\schedule\clean_tmpdir.js
2021-03-13 14:56:05,868 INFO 9556 [egg-schedule]: register schedule E:\project\lawyer_platform\node_modules\egg-logrotator\app\schedule\clean_log.js
2021-03-13 14:56:05,868 INFO 9556 [egg-schedule]: register schedule E:\project\lawyer_platform\node_modules\egg-logrotator\app\schedule\rotate_by_file.js
2021-03-13 14:58:35,343 INFO 2688 [egg-schedule]: register schedule E:\project\lawyer_platform\node_modules\egg-multipart\app\schedule\clean_tmpdir.js
2021-03-13 14:58:35,343 INFO 2688 [egg-schedule]: register schedule E:\project\lawyer_platform\node_modules\egg-logrotator\app\schedule\clean_log.js
2021-03-13 14:58:35,343 INFO 2688 [egg-schedule]: register schedule E:\project\lawyer_platform\node_modules\egg-logrotator\app\schedule\rotate_by_file.js
2021-03-13 14:58:37,457 INFO 21528 [egg-schedule]: register schedule E:\project\lawyer_platform\node_modules\egg-multipart\app\schedule\clean_tmpdir.js
2021-03-13 14:58:37,457 INFO 21528 [egg-schedule]: register schedule E:\project\lawyer_platform\node_modules\egg-logrotator\app\schedule\clean_log.js
2021-03-13 14:58:37,457 INFO 21528 [egg-schedule]: register schedule E:\project\lawyer_platform\node_modules\egg-logrotator\app\schedule\rotate_by_file.js
2021-03-13 15:15:23,695 INFO 10888 [egg-schedule]: register schedule E:\project\lawyer_platform\node_modules\egg-multipart\app\schedule\clean_tmpdir.js
2021-03-13 15:15:23,695 INFO 10888 [egg-schedule]: register schedule E:\project\lawyer_platform\node_modules\egg-logrotator\app\schedule\clean_log.js
2021-03-13 15:15:23,695 INFO 10888 [egg-schedule]: register schedule E:\project\lawyer_platform\node_modules\egg-logrotator\app\schedule\rotate_by_file.js
2021-03-13 15:15:26,685 INFO 516 [egg-schedule]: register schedule E:\project\lawyer_platform\node_modules\egg-multipart\app\schedule\clean_tmpdir.js
2021-03-13 15:15:26,685 INFO 516 [egg-schedule]: register schedule E:\project\lawyer_platform\node_modules\egg-logrotator\app\schedule\clean_log.js
2021-03-13 15:15:26,685 INFO 516 [egg-schedule]: register schedule E:\project\lawyer_platform\node_modules\egg-logrotator\app\schedule\rotate_by_file.js
2021-03-13 15:22:07,270 INFO 18108 [egg-schedule]: register schedule E:\project\lawyer_platform\node_modules\egg-multipart\app\schedule\clean_tmpdir.js
2021-03-13 15:22:07,270 INFO 18108 [egg-schedule]: register schedule E:\project\lawyer_platform\node_modules\egg-logrotator\app\schedule\clean_log.js
2021-03-13 15:22:07,270 INFO 18108 [egg-schedule]: register schedule E:\project\lawyer_platform\node_modules\egg-logrotator\app\schedule\rotate_by_file.js
2021-03-13 15:22:09,489 INFO 23336 [egg-schedule]: register schedule E:\project\lawyer_platform\node_modules\egg-multipart\app\schedule\clean_tmpdir.js
2021-03-13 15:22:09,489 INFO 23336 [egg-schedule]: register schedule E:\project\lawyer_platform\node_modules\egg-logrotator\app\schedule\clean_log.js
2021-03-13 15:22:09,489 INFO 23336 [egg-schedule]: register schedule E:\project\lawyer_platform\node_modules\egg-logrotator\app\schedule\rotate_by_file.js
2021-03-13 15:22:22,274 INFO 5696 [egg-schedule]: register schedule E:\project\lawyer_platform\node_modules\egg-multipart\app\schedule\clean_tmpdir.js
2021-03-13 15:22:22,274 INFO 5696 [egg-schedule]: register schedule E:\project\lawyer_platform\node_modules\egg-logrotator\app\schedule\clean_log.js
2021-03-13 15:22:22,274 INFO 5696 [egg-schedule]: register schedule E:\project\lawyer_platform\node_modules\egg-logrotator\app\schedule\rotate_by_file.js
2021-03-13 15:23:10,876 INFO 14564 [egg-schedule]: register schedule E:\project\lawyer_platform\node_modules\egg-multipart\app\schedule\clean_tmpdir.js
2021-03-13 15:23:10,876 INFO 14564 [egg-schedule]: register schedule E:\project\lawyer_platform\node_modules\egg-logrotator\app\schedule\clean_log.js
2021-03-13 15:23:10,876 INFO 14564 [egg-schedule]: register schedule E:\project\lawyer_platform\node_modules\egg-logrotator\app\schedule\rotate_by_file.js
2021-03-13 15:23:11,898 INFO 8512 [Timer] E:\project\lawyer_platform\node_modules\egg-multipart\app\schedule\clean_tmpdir.js next time will execute after 47208104ms at 2021-03-14 04:30:00.002
2021-03-13 15:23:11,899 INFO 8512 [Timer] E:\project\lawyer_platform\node_modules\egg-logrotator\app\schedule\clean_log.js next time will execute after 31008102ms at 2021-03-14 00:00:00.001
2021-03-13 15:23:11,899 INFO 8512 [Timer] E:\project\lawyer_platform\node_modules\egg-logrotator\app\schedule\rotate_by_file.js next time will execute after 31009101ms at 2021-03-14 00:00:01.000
2021-03-13 15:23:12,689 INFO 20228 [egg-schedule]: register schedule E:\project\lawyer_platform\node_modules\egg-multipart\app\schedule\clean_tmpdir.js
2021-03-13 15:23:12,689 INFO 20228 [egg-schedule]: register schedule E:\project\lawyer_platform\node_modules\egg-logrotator\app\schedule\clean_log.js
2021-03-13 15:23:12,690 INFO 20228 [egg-schedule]: register schedule E:\project\lawyer_platform\node_modules\egg-logrotator\app\schedule\rotate_by_file.js
2021-03-13 15:24:40,879 INFO 3796 [egg-schedule]: register schedule E:\project\lawyer_platform\node_modules\egg-multipart\app\schedule\clean_tmpdir.js
2021-03-13 15:24:40,879 INFO 3796 [egg-schedule]: register schedule E:\project\lawyer_platform\node_modules\egg-logrotator\app\schedule\clean_log.js
2021-03-13 15:24:40,879 INFO 3796 [egg-schedule]: register schedule E:\project\lawyer_platform\node_modules\egg-logrotator\app\schedule\rotate_by_file.js
2021-03-13 15:39:00,069 INFO 19612 [egg-schedule]: register schedule E:\project\lawyer_platform\node_modules\egg-multipart\app\schedule\clean_tmpdir.js
2021-03-13 15:39:00,069 INFO 19612 [egg-schedule]: register schedule E:\project\lawyer_platform\node_modules\egg-logrotator\app\schedule\clean_log.js
2021-03-13 15:39:00,069 INFO 19612 [egg-schedule]: register schedule E:\project\lawyer_platform\node_modules\egg-logrotator\app\schedule\rotate_by_file.js
2021-03-13 15:39:18,495 INFO 4332 [egg-schedule]: register schedule E:\project\lawyer_platform\node_modules\egg-multipart\app\schedule\clean_tmpdir.js
2021-03-13 15:39:18,495 INFO 4332 [egg-schedule]: register schedule E:\project\lawyer_platform\node_modules\egg-logrotator\app\schedule\clean_log.js
2021-03-13 15:39:18,495 INFO 4332 [egg-schedule]: register schedule E:\project\lawyer_platform\node_modules\egg-logrotator\app\schedule\rotate_by_file.js
2021-03-13 15:39:40,113 INFO 9336 [egg-schedule]: register schedule E:\project\lawyer_platform\node_modules\egg-multipart\app\schedule\clean_tmpdir.js
2021-03-13 15:39:40,113 INFO 9336 [egg-schedule]: register schedule E:\project\lawyer_platform\node_modules\egg-logrotator\app\schedule\clean_log.js
2021-03-13 15:39:40,113 INFO 9336 [egg-schedule]: register schedule E:\project\lawyer_platform\node_modules\egg-logrotator\app\schedule\rotate_by_file.js
2021-03-13 15:39:49,697 INFO 22620 [egg-schedule]: register schedule E:\project\lawyer_platform\node_modules\egg-multipart\app\schedule\clean_tmpdir.js
2021-03-13 15:39:49,697 INFO 22620 [egg-schedule]: register schedule E:\project\lawyer_platform\node_modules\egg-logrotator\app\schedule\clean_log.js
2021-03-13 15:39:49,697 INFO 22620 [egg-schedule]: register schedule E:\project\lawyer_platform\node_modules\egg-logrotator\app\schedule\rotate_by_file.js
2021-03-13 15:40:03,975 INFO 20504 [egg-schedule]: register schedule E:\project\lawyer_platform\node_modules\egg-multipart\app\schedule\clean_tmpdir.js
2021-03-13 15:40:03,975 INFO 20504 [egg-schedule]: register schedule E:\project\lawyer_platform\node_modules\egg-logrotator\app\schedule\clean_log.js
2021-03-13 15:40:03,975 INFO 20504 [egg-schedule]: register schedule E:\project\lawyer_platform\node_modules\egg-logrotator\app\schedule\rotate_by_file.js
2021-03-13 15:40:28,853 INFO 516 [egg-schedule]: register schedule E:\project\lawyer_platform\node_modules\egg-multipart\app\schedule\clean_tmpdir.js
2021-03-13 15:40:28,853 INFO 516 [egg-schedule]: register schedule E:\project\lawyer_platform\node_modules\egg-logrotator\app\schedule\clean_log.js
2021-03-13 15:40:28,853 INFO 516 [egg-schedule]: register schedule E:\project\lawyer_platform\node_modules\egg-logrotator\app\schedule\rotate_by_file.js
2021-03-13 15:44:19,347 INFO 5336 [egg-schedule]: register schedule E:\project\lawyer_platform\node_modules\egg-multipart\app\schedule\clean_tmpdir.js
2021-03-13 15:44:19,347 INFO 5336 [egg-schedule]: register schedule E:\project\lawyer_platform\node_modules\egg-logrotator\app\schedule\clean_log.js
2021-03-13 15:44:19,347 INFO 5336 [egg-schedule]: register schedule E:\project\lawyer_platform\node_modules\egg-logrotator\app\schedule\rotate_by_file.js
2021-03-13 15:44:21,739 INFO 4408 [egg-schedule]: register schedule E:\project\lawyer_platform\node_modules\egg-multipart\app\schedule\clean_tmpdir.js
2021-03-13 15:44:21,740 INFO 4408 [egg-schedule]: register schedule E:\project\lawyer_platform\node_modules\egg-logrotator\app\schedule\clean_log.js
2021-03-13 15:44:21,740 INFO 4408 [egg-schedule]: register schedule E:\project\lawyer_platform\node_modules\egg-logrotator\app\schedule\rotate_by_file.js
2021-03-13 18:37:30,411 INFO 1400 [egg-schedule]: register schedule E:\project\lawyer_platform\node_modules\egg-multipart\app\schedule\clean_tmpdir.js
2021-03-13 18:37:30,411 INFO 1400 [egg-schedule]: register schedule E:\project\lawyer_platform\node_modules\egg-logrotator\app\schedule\clean_log.js
2021-03-13 18:37:30,411 INFO 1400 [egg-schedule]: register schedule E:\project\lawyer_platform\node_modules\egg-logrotator\app\schedule\rotate_by_file.js
2021-03-13 18:37:31,707 INFO 22828 [Timer] E:\project\lawyer_platform\node_modules\egg-multipart\app\schedule\clean_tmpdir.js next time will execute after 35548295ms at 2021-03-14 04:30:00.002
2021-03-13 18:37:31,707 INFO 22828 [Timer] E:\project\lawyer_platform\node_modules\egg-logrotator\app\schedule\clean_log.js next time will execute after 19348293ms at 2021-03-14 00:00:00.000
2021-03-13 18:37:31,708 INFO 22828 [Timer] E:\project\lawyer_platform\node_modules\egg-logrotator\app\schedule\rotate_by_file.js next time will execute after 19349293ms at 2021-03-14 00:00:01.000
2021-03-13 18:37:44,290 INFO 12312 [egg-schedule]: register schedule E:\project\lawyer_platform\node_modules\egg-multipart\app\schedule\clean_tmpdir.js
2021-03-13 18:37:44,290 INFO 12312 [egg-schedule]: register schedule E:\project\lawyer_platform\node_modules\egg-logrotator\app\schedule\clean_log.js
2021-03-13 18:37:44,290 INFO 12312 [egg-schedule]: register schedule E:\project\lawyer_platform\node_modules\egg-logrotator\app\schedule\rotate_by_file.js
2021-03-13 18:52:28,335 INFO 22772 [egg-schedule]: register schedule E:\project\lawyer_platform\node_modules\egg-multipart\app\schedule\clean_tmpdir.js
2021-03-13 18:52:28,335 INFO 22772 [egg-schedule]: register schedule E:\project\lawyer_platform\node_modules\egg-logrotator\app\schedule\clean_log.js
2021-03-13 18:52:28,335 INFO 22772 [egg-schedule]: register schedule E:\project\lawyer_platform\node_modules\egg-logrotator\app\schedule\rotate_by_file.js
2021-03-13 18:57:27,220 INFO 18872 [egg-schedule]: register schedule E:\project\lawyer_platform\node_modules\egg-multipart\app\schedule\clean_tmpdir.js
2021-03-13 18:57:27,220 INFO 18872 [egg-schedule]: register schedule E:\project\lawyer_platform\node_modules\egg-logrotator\app\schedule\clean_log.js
2021-03-13 18:57:27,220 INFO 18872 [egg-schedule]: register schedule E:\project\lawyer_platform\node_modules\egg-logrotator\app\schedule\rotate_by_file.js
2021-03-13 18:57:30,076 INFO 21228 [egg-schedule]: register schedule E:\project\lawyer_platform\node_modules\egg-multipart\app\schedule\clean_tmpdir.js
2021-03-13 18:57:30,076 INFO 21228 [egg-schedule]: register schedule E:\project\lawyer_platform\node_modules\egg-logrotator\app\schedule\clean_log.js
2021-03-13 18:57:30,076 INFO 21228 [egg-schedule]: register schedule E:\project\lawyer_platform\node_modules\egg-logrotator\app\schedule\rotate_by_file.js
2021-03-13 18:57:34,965 INFO 17772 [egg-schedule]: register schedule E:\project\lawyer_platform\node_modules\egg-multipart\app\schedule\clean_tmpdir.js
2021-03-13 18:57:34,965 INFO 17772 [egg-schedule]: register schedule E:\project\lawyer_platform\node_modules\egg-logrotator\app\schedule\clean_log.js
2021-03-13 18:57:34,965 INFO 17772 [egg-schedule]: register schedule E:\project\lawyer_platform\node_modules\egg-logrotator\app\schedule\rotate_by_file.js
2021-03-13 19:03:31,633 INFO 8692 [egg-schedule]: register schedule E:\project\lawyer_platform\node_modules\egg-multipart\app\schedule\clean_tmpdir.js
2021-03-13 19:03:31,633 INFO 8692 [egg-schedule]: register schedule E:\project\lawyer_platform\node_modules\egg-logrotator\app\schedule\clean_log.js
2021-03-13 19:03:31,633 INFO 8692 [egg-schedule]: register schedule E:\project\lawyer_platform\node_modules\egg-logrotator\app\schedule\rotate_by_file.js
2021-03-13 19:03:32,527 INFO 20404 [Timer] E:\project\lawyer_platform\node_modules\egg-multipart\app\schedule\clean_tmpdir.js next time will execute after 33987475ms at 2021-03-14 04:30:00.002
2021-03-13 19:03:32,527 INFO 20404 [Timer] E:\project\lawyer_platform\node_modules\egg-logrotator\app\schedule\clean_log.js next time will execute after 17787473ms at 2021-03-14 00:00:00.000
2021-03-13 19:03:32,527 INFO 20404 [Timer] E:\project\lawyer_platform\node_modules\egg-logrotator\app\schedule\rotate_by_file.js next time will execute after 17788473ms at 2021-03-14 00:00:01.000
2021-03-13 19:06:13,721 INFO 20860 [egg-schedule]: register schedule E:\project\lawyer_platform\node_modules\egg-multipart\app\schedule\clean_tmpdir.js
2021-03-13 19:06:13,721 INFO 20860 [egg-schedule]: register schedule E:\project\lawyer_platform\node_modules\egg-logrotator\app\schedule\clean_log.js
2021-03-13 19:06:13,721 INFO 20860 [egg-schedule]: register schedule E:\project\lawyer_platform\node_modules\egg-logrotator\app\schedule\rotate_by_file.js
2021-03-13 19:06:15,640 INFO 16120 [egg-schedule]: register schedule E:\project\lawyer_platform\node_modules\egg-multipart\app\schedule\clean_tmpdir.js
2021-03-13 19:06:15,640 INFO 16120 [egg-schedule]: register schedule E:\project\lawyer_platform\node_modules\egg-logrotator\app\schedule\clean_log.js
2021-03-13 19:06:15,640 INFO 16120 [egg-schedule]: register schedule E:\project\lawyer_platform\node_modules\egg-logrotator\app\schedule\rotate_by_file.js
2021-03-13 19:06:23,346 INFO 11680 [egg-schedule]: register schedule E:\project\lawyer_platform\node_modules\egg-multipart\app\schedule\clean_tmpdir.js
2021-03-13 19:06:23,346 INFO 11680 [egg-schedule]: register schedule E:\project\lawyer_platform\node_modules\egg-logrotator\app\schedule\clean_log.js
2021-03-13 19:06:23,346 INFO 11680 [egg-schedule]: register schedule E:\project\lawyer_platform\node_modules\egg-logrotator\app\schedule\rotate_by_file.js
2021-03-13 19:09:06,364 INFO 14992 [egg-schedule]: register schedule E:\project\lawyer_platform\node_modules\egg-multipart\app\schedule\clean_tmpdir.js
2021-03-13 19:09:06,364 INFO 14992 [egg-schedule]: register schedule E:\project\lawyer_platform\node_modules\egg-logrotator\app\schedule\clean_log.js
2021-03-13 19:09:06,364 INFO 14992 [egg-schedule]: register schedule E:\project\lawyer_platform\node_modules\egg-logrotator\app\schedule\rotate_by_file.js
2021-03-13 19:09:37,085 INFO 14156 [egg-schedule]: register schedule E:\project\lawyer_platform\node_modules\egg-multipart\app\schedule\clean_tmpdir.js
2021-03-13 19:09:37,085 INFO 14156 [egg-schedule]: register schedule E:\project\lawyer_platform\node_modules\egg-logrotator\app\schedule\clean_log.js
2021-03-13 19:09:37,085 INFO 14156 [egg-schedule]: register schedule E:\project\lawyer_platform\node_modules\egg-logrotator\app\schedule\rotate_by_file.js
2021-03-13 19:18:20,808 INFO 9096 [egg-schedule]: register schedule E:\project\lawyer_platform\node_modules\egg-multipart\app\schedule\clean_tmpdir.js
2021-03-13 19:18:20,808 INFO 9096 [egg-schedule]: register schedule E:\project\lawyer_platform\node_modules\egg-logrotator\app\schedule\clean_log.js
2021-03-13 19:18:20,808 INFO 9096 [egg-schedule]: register schedule E:\project\lawyer_platform\node_modules\egg-logrotator\app\schedule\rotate_by_file.js
2021-03-13 19:18:36,031 INFO 18868 [Timer] E:\project\lawyer_platform\node_modules\egg-multipart\app\schedule\clean_tmpdir.js next time will execute after 33084065ms at 2021-03-14 04:30:00.094
2021-03-13 19:18:36,033 INFO 18868 [Timer] E:\project\lawyer_platform\node_modules\egg-logrotator\app\schedule\clean_log.js next time will execute after 16883968ms at 2021-03-14 00:00:00.001
2021-03-13 19:18:36,033 INFO 18868 [Timer] E:\project\lawyer_platform\node_modules\egg-logrotator\app\schedule\rotate_by_file.js next time will execute after 16884967ms at 2021-03-14 00:00:01.000
2021-03-13 19:28:14,391 INFO 13584 [egg-schedule]: register schedule E:\project\lawyer_platform\node_modules\egg-multipart\app\schedule\clean_tmpdir.js
2021-03-13 19:28:14,391 INFO 13584 [egg-schedule]: register schedule E:\project\lawyer_platform\node_modules\egg-logrotator\app\schedule\clean_log.js
2021-03-13 19:28:14,391 INFO 13584 [egg-schedule]: register schedule E:\project\lawyer_platform\node_modules\egg-logrotator\app\schedule\rotate_by_file.js
2021-03-13 19:28:26,877 INFO 1304 [Timer] E:\project\lawyer_platform\node_modules\egg-multipart\app\schedule\clean_tmpdir.js next time will execute after 32493126ms at 2021-03-14 04:30:00.003
2021-03-13 19:28:26,877 INFO 1304 [Timer] E:\project\lawyer_platform\node_modules\egg-logrotator\app\schedule\clean_log.js next time will execute after 16293123ms at 2021-03-14 00:00:00.000
2021-03-13 19:28:26,877 INFO 1304 [Timer] E:\project\lawyer_platform\node_modules\egg-logrotator\app\schedule\rotate_by_file.js next time will execute after 16294123ms at 2021-03-14 00:00:01.000
2021-03-13 19:30:13,289 INFO 22824 [egg-schedule]: register schedule E:\project\lawyer_platform\node_modules\egg-multipart\app\schedule\clean_tmpdir.js
2021-03-13 19:30:13,289 INFO 22824 [egg-schedule]: register schedule E:\project\lawyer_platform\node_modules\egg-logrotator\app\schedule\clean_log.js
2021-03-13 19:30:13,289 INFO 22824 [egg-schedule]: register schedule E:\project\lawyer_platform\node_modules\egg-logrotator\app\schedule\rotate_by_file.js
2021-03-13 19:33:14,109 INFO 9004 [egg-schedule]: register schedule E:\project\lawyer_platform\node_modules\egg-multipart\app\schedule\clean_tmpdir.js
2021-03-13 19:33:14,109 INFO 9004 [egg-schedule]: register schedule E:\project\lawyer_platform\node_modules\egg-logrotator\app\schedule\clean_log.js
2021-03-13 19:33:14,109 INFO 9004 [egg-schedule]: register schedule E:\project\lawyer_platform\node_modules\egg-logrotator\app\schedule\rotate_by_file.js
2021-03-13 19:37:34,661 INFO 19728 [egg-schedule]: register schedule E:\project\lawyer_platform\node_modules\egg-multipart\app\schedule\clean_tmpdir.js
2021-03-13 19:37:34,661 INFO 19728 [egg-schedule]: register schedule E:\project\lawyer_platform\node_modules\egg-logrotator\app\schedule\clean_log.js
2021-03-13 19:37:34,661 INFO 19728 [egg-schedule]: register schedule E:\project\lawyer_platform\node_modules\egg-logrotator\app\schedule\rotate_by_file.js
2021-03-13 19:42:10,914 INFO 6000 [egg-schedule]: register schedule E:\project\lawyer_platform\node_modules\egg-multipart\app\schedule\clean_tmpdir.js
2021-03-13 19:42:10,914 INFO 6000 [egg-schedule]: register schedule E:\project\lawyer_platform\node_modules\egg-logrotator\app\schedule\clean_log.js
2021-03-13 19:42:10,914 INFO 6000 [egg-schedule]: register schedule E:\project\lawyer_platform\node_modules\egg-logrotator\app\schedule\rotate_by_file.js
2021-03-14 09:49:27,105 INFO 18808 [egg-schedule]: register schedule E:\project\lawyer_platform\node_modules\egg-multipart\app\schedule\clean_tmpdir.js
2021-03-14 09:49:27,105 INFO 18808 [egg-schedule]: register schedule E:\project\lawyer_platform\node_modules\egg-logrotator\app\schedule\clean_log.js
2021-03-14 09:49:27,105 INFO 18808 [egg-schedule]: register schedule E:\project\lawyer_platform\node_modules\egg-logrotator\app\schedule\rotate_by_file.js
2021-03-14 09:49:31,321 INFO 10624 [Timer] E:\project\lawyer_platform\node_modules\egg-multipart\app\schedule\clean_tmpdir.js next time will execute after 67228682ms at 2021-03-15 04:30:00.003
2021-03-14 09:49:31,321 INFO 10624 [Timer] E:\project\lawyer_platform\node_modules\egg-logrotator\app\schedule\clean_log.js next time will execute after 51028679ms at 2021-03-15 00:00:00.000
2021-03-14 09:49:31,321 INFO 10624 [Timer] E:\project\lawyer_platform\node_modules\egg-logrotator\app\schedule\rotate_by_file.js next time will execute after 51029679ms at 2021-03-15 00:00:01.000
2021-03-14 10:05:34,849 INFO 1336 [egg-schedule]: register schedule E:\project\lawyer_platform\node_modules\egg-multipart\app\schedule\clean_tmpdir.js
2021-03-14 10:05:34,849 INFO 1336 [egg-schedule]: register schedule E:\project\lawyer_platform\node_modules\egg-logrotator\app\schedule\clean_log.js
2021-03-14 10:05:34,849 INFO 1336 [egg-schedule]: register schedule E:\project\lawyer_platform\node_modules\egg-logrotator\app\schedule\rotate_by_file.js
2021-03-14 10:05:39,958 INFO 23044 [Timer] E:\project\lawyer_platform\node_modules\egg-multipart\app\schedule\clean_tmpdir.js next time will execute after 66260044ms at 2021-03-15 04:30:00.002
2021-03-14 10:05:39,958 INFO 23044 [Timer] E:\project\lawyer_platform\node_modules\egg-logrotator\app\schedule\clean_log.js next time will execute after 50060042ms at 2021-03-15 00:00:00.000
2021-03-14 10:05:39,959 INFO 23044 [Timer] E:\project\lawyer_platform\node_modules\egg-logrotator\app\schedule\rotate_by_file.js next time will execute after 50061042ms at 2021-03-15 00:00:01.001
2021-03-14 10:18:38,795 INFO 20044 [Timer] E:\project\lawyer_platform\node_modules\egg-multipart\app\schedule\clean_tmpdir.js next time will execute after 65481207ms at 2021-03-15 04:30:00.002
2021-03-14 10:18:38,796 INFO 20044 [Timer] E:\project\lawyer_platform\node_modules\egg-logrotator\app\schedule\clean_log.js next time will execute after 49281204ms at 2021-03-15 00:00:00.000
2021-03-14 10:18:38,796 INFO 20044 [Timer] E:\project\lawyer_platform\node_modules\egg-logrotator\app\schedule\rotate_by_file.js next time will execute after 49282204ms at 2021-03-15 00:00:01.000
2021-03-14 10:18:38,209 INFO 2240 [egg-schedule]: register schedule E:\project\lawyer_platform\node_modules\egg-multipart\app\schedule\clean_tmpdir.js
2021-03-14 10:18:38,209 INFO 2240 [egg-schedule]: register schedule E:\project\lawyer_platform\node_modules\egg-logrotator\app\schedule\clean_log.js
2021-03-14 10:18:38,209 INFO 2240 [egg-schedule]: register schedule E:\project\lawyer_platform\node_modules\egg-logrotator\app\schedule\rotate_by_file.js
2021-03-14 10:19:09,239 INFO 14348 [egg-schedule]: register schedule E:\project\lawyer_platform\node_modules\egg-multipart\app\schedule\clean_tmpdir.js
2021-03-14 10:19:09,239 INFO 14348 [egg-schedule]: register schedule E:\project\lawyer_platform\node_modules\egg-logrotator\app\schedule\clean_log.js
2021-03-14 10:19:09,239 INFO 14348 [egg-schedule]: register schedule E:\project\lawyer_platform\node_modules\egg-logrotator\app\schedule\rotate_by_file.js
2021-03-14 10:19:25,230 INFO 4556 [egg-schedule]: register schedule E:\project\lawyer_platform\node_modules\egg-multipart\app\schedule\clean_tmpdir.js
2021-03-14 10:19:25,230 INFO 4556 [egg-schedule]: register schedule E:\project\lawyer_platform\node_modules\egg-logrotator\app\schedule\clean_log.js
2021-03-14 10:19:25,230 INFO 4556 [egg-schedule]: register schedule E:\project\lawyer_platform\node_modules\egg-logrotator\app\schedule\rotate_by_file.js
2021-03-14 10:20:19,272 INFO 13160 [egg-schedule]: register schedule E:\project\lawyer_platform\node_modules\egg-multipart\app\schedule\clean_tmpdir.js
2021-03-14 10:20:19,272 INFO 13160 [egg-schedule]: register schedule E:\project\lawyer_platform\node_modules\egg-logrotator\app\schedule\clean_log.js
2021-03-14 10:20:19,272 INFO 13160 [egg-schedule]: register schedule E:\project\lawyer_platform\node_modules\egg-logrotator\app\schedule\rotate_by_file.js
2021-03-14 10:20:23,744 INFO 12808 [egg-schedule]: register schedule E:\project\lawyer_platform\node_modules\egg-multipart\app\schedule\clean_tmpdir.js
2021-03-14 10:20:23,744 INFO 12808 [egg-schedule]: register schedule E:\project\lawyer_platform\node_modules\egg-logrotator\app\schedule\clean_log.js
2021-03-14 10:20:23,744 INFO 12808 [egg-schedule]: register schedule E:\project\lawyer_platform\node_modules\egg-logrotator\app\schedule\rotate_by_file.js
2021-03-14 15:10:49,717 INFO 13896 [egg-schedule]: register schedule E:\project\lawyer_platform\node_modules\egg-multipart\app\schedule\clean_tmpdir.js
2021-03-14 15:10:49,717 INFO 13896 [egg-schedule]: register schedule E:\project\lawyer_platform\node_modules\egg-logrotator\app\schedule\clean_log.js
2021-03-14 15:10:49,717 INFO 13896 [egg-schedule]: register schedule E:\project\lawyer_platform\node_modules\egg-logrotator\app\schedule\rotate_by_file.js
2021-03-14 15:10:52,774 INFO 2112 [egg-schedule]: register schedule E:\project\lawyer_platform\node_modules\egg-multipart\app\schedule\clean_tmpdir.js
2021-03-14 15:10:52,774 INFO 2112 [egg-schedule]: register schedule E:\project\lawyer_platform\node_modules\egg-logrotator\app\schedule\clean_log.js
2021-03-14 15:10:52,774 INFO 2112 [egg-schedule]: register schedule E:\project\lawyer_platform\node_modules\egg-logrotator\app\schedule\rotate_by_file.js
2021-03-14 15:11:16,787 INFO 12228 [Timer] E:\project\lawyer_platform\node_modules\egg-multipart\app\schedule\clean_tmpdir.js next time will execute after 47923215ms at 2021-03-15 04:30:00.002
2021-03-14 15:11:16,788 INFO 12228 [Timer] E:\project\lawyer_platform\node_modules\egg-logrotator\app\schedule\clean_log.js next time will execute after 31723212ms at 2021-03-15 00:00:00.000
2021-03-14 15:11:16,788 INFO 12228 [Timer] E:\project\lawyer_platform\node_modules\egg-logrotator\app\schedule\rotate_by_file.js next time will execute after 31724212ms at 2021-03-15 00:00:01.000
2021-03-14 15:11:16,159 INFO 16960 [egg-schedule]: register schedule E:\project\lawyer_platform\node_modules\egg-multipart\app\schedule\clean_tmpdir.js
2021-03-14 15:11:16,159 INFO 16960 [egg-schedule]: register schedule E:\project\lawyer_platform\node_modules\egg-logrotator\app\schedule\clean_log.js
2021-03-14 15:11:16,159 INFO 16960 [egg-schedule]: register schedule E:\project\lawyer_platform\node_modules\egg-logrotator\app\schedule\rotate_by_file.js
2021-03-14 15:11:51,715 INFO 2424 [egg-schedule]: register schedule E:\project\lawyer_platform\node_modules\egg-multipart\app\schedule\clean_tmpdir.js
2021-03-14 15:11:51,715 INFO 2424 [egg-schedule]: register schedule E:\project\lawyer_platform\node_modules\egg-logrotator\app\schedule\clean_log.js
2021-03-14 15:11:51,715 INFO 2424 [egg-schedule]: register schedule E:\project\lawyer_platform\node_modules\egg-logrotator\app\schedule\rotate_by_file.js
2021-03-14 15:11:59,019 INFO 10396 [egg-schedule]: register schedule E:\project\lawyer_platform\node_modules\egg-multipart\app\schedule\clean_tmpdir.js
2021-03-14 15:11:59,019 INFO 10396 [egg-schedule]: register schedule E:\project\lawyer_platform\node_modules\egg-logrotator\app\schedule\clean_log.js
2021-03-14 15:11:59,019 INFO 10396 [egg-schedule]: register schedule E:\project\lawyer_platform\node_modules\egg-logrotator\app\schedule\rotate_by_file.js
2021-03-14 15:12:05,150 INFO 14024 [egg-schedule]: register schedule E:\project\lawyer_platform\node_modules\egg-multipart\app\schedule\clean_tmpdir.js
2021-03-14 15:12:05,150 INFO 14024 [egg-schedule]: register schedule E:\project\lawyer_platform\node_modules\egg-logrotator\app\schedule\clean_log.js
2021-03-14 15:12:05,150 INFO 14024 [egg-schedule]: register schedule E:\project\lawyer_platform\node_modules\egg-logrotator\app\schedule\rotate_by_file.js
2021-03-14 15:13:15,232 INFO 11588 [egg-schedule]: register schedule E:\project\lawyer_platform\node_modules\egg-multipart\app\schedule\clean_tmpdir.js
2021-03-14 15:13:15,232 INFO 11588 [egg-schedule]: register schedule E:\project\lawyer_platform\node_modules\egg-logrotator\app\schedule\clean_log.js
2021-03-14 15:13:15,232 INFO 11588 [egg-schedule]: register schedule E:\project\lawyer_platform\node_modules\egg-logrotator\app\schedule\rotate_by_file.js
2021-03-14 15:16:32,842 INFO 2328 [egg-schedule]: register schedule E:\project\lawyer_platform\node_modules\egg-multipart\app\schedule\clean_tmpdir.js
2021-03-14 15:16:32,842 INFO 2328 [egg-schedule]: register schedule E:\project\lawyer_platform\node_modules\egg-logrotator\app\schedule\clean_log.js
2021-03-14 15:16:32,842 INFO 2328 [egg-schedule]: register schedule E:\project\lawyer_platform\node_modules\egg-logrotator\app\schedule\rotate_by_file.js
2021-03-14 15:16:36,219 INFO 2888 [Timer] E:\project\lawyer_platform\node_modules\egg-multipart\app\schedule\clean_tmpdir.js next time will execute after 47603783ms at 2021-03-15 04:30:00.002
2021-03-14 15:16:36,220 INFO 2888 [Timer] E:\project\lawyer_platform\node_modules\egg-logrotator\app\schedule\clean_log.js next time will execute after 31403780ms at 2021-03-15 00:00:00.000
2021-03-14 15:16:36,220 INFO 2888 [Timer] E:\project\lawyer_platform\node_modules\egg-logrotator\app\schedule\rotate_by_file.js next time will execute after 31404780ms at 2021-03-15 00:00:01.000
2021-03-14 15:17:28,219 INFO 13348 [egg-schedule]: register schedule E:\project\lawyer_platform\node_modules\egg-multipart\app\schedule\clean_tmpdir.js
2021-03-14 15:17:28,219 INFO 13348 [egg-schedule]: register schedule E:\project\lawyer_platform\node_modules\egg-logrotator\app\schedule\clean_log.js
2021-03-14 15:17:28,219 INFO 13348 [egg-schedule]: register schedule E:\project\lawyer_platform\node_modules\egg-logrotator\app\schedule\rotate_by_file.js
2021-03-14 15:18:07,560 INFO 13976 [egg-schedule]: register schedule E:\project\lawyer_platform\node_modules\egg-multipart\app\schedule\clean_tmpdir.js
2021-03-14 15:18:07,560 INFO 13976 [egg-schedule]: register schedule E:\project\lawyer_platform\node_modules\egg-logrotator\app\schedule\clean_log.js
2021-03-14 15:18:07,560 INFO 13976 [egg-schedule]: register schedule E:\project\lawyer_platform\node_modules\egg-logrotator\app\schedule\rotate_by_file.js
2021-03-14 15:23:14,153 INFO 17816 [egg-schedule]: register schedule E:\project\lawyer_platform\node_modules\egg-multipart\app\schedule\clean_tmpdir.js
2021-03-14 15:23:14,153 INFO 17816 [egg-schedule]: register schedule E:\project\lawyer_platform\node_modules\egg-logrotator\app\schedule\clean_log.js
2021-03-14 15:23:14,153 INFO 17816 [egg-schedule]: register schedule E:\project\lawyer_platform\node_modules\egg-logrotator\app\schedule\rotate_by_file.js
2021-03-14 15:23:39,456 INFO 23204 [egg-schedule]: register schedule E:\project\lawyer_platform\node_modules\egg-multipart\app\schedule\clean_tmpdir.js
2021-03-14 15:23:39,456 INFO 23204 [egg-schedule]: register schedule E:\project\lawyer_platform\node_modules\egg-logrotator\app\schedule\clean_log.js
2021-03-14 15:23:39,456 INFO 23204 [egg-schedule]: register schedule E:\project\lawyer_platform\node_modules\egg-logrotator\app\schedule\rotate_by_file.js
2021-03-14 15:24:23,365 INFO 12420 [egg-schedule]: register schedule E:\project\lawyer_platform\node_modules\egg-multipart\app\schedule\clean_tmpdir.js
2021-03-14 15:24:23,365 INFO 12420 [egg-schedule]: register schedule E:\project\lawyer_platform\node_modules\egg-logrotator\app\schedule\clean_log.js
2021-03-14 15:24:23,365 INFO 12420 [egg-schedule]: register schedule E:\project\lawyer_platform\node_modules\egg-logrotator\app\schedule\rotate_by_file.js
2021-03-14 15:24:56,787 INFO 22624 [egg-schedule]: register schedule E:\project\lawyer_platform\node_modules\egg-multipart\app\schedule\clean_tmpdir.js
2021-03-14 15:24:56,787 INFO 22624 [egg-schedule]: register schedule E:\project\lawyer_platform\node_modules\egg-logrotator\app\schedule\clean_log.js
2021-03-14 15:24:56,788 INFO 22624 [egg-schedule]: register schedule E:\project\lawyer_platform\node_modules\egg-logrotator\app\schedule\rotate_by_file.js
2021-03-14 15:29:56,057 INFO 2996 [Timer] E:\project\lawyer_platform\node_modules\egg-multipart\app\schedule\clean_tmpdir.js next time will execute after 46803946ms at 2021-03-15 04:30:00.003
2021-03-14 15:29:56,057 INFO 2996 [Timer] E:\project\lawyer_platform\node_modules\egg-logrotator\app\schedule\clean_log.js next time will execute after 30603943ms at 2021-03-15 00:00:00.000
2021-03-14 15:29:56,057 INFO 2996 [Timer] E:\project\lawyer_platform\node_modules\egg-logrotator\app\schedule\rotate_by_file.js next time will execute after 30604943ms at 2021-03-15 00:00:01.000
2021-03-14 15:29:55,516 INFO 18288 [egg-schedule]: register schedule E:\project\lawyer_platform\node_modules\egg-multipart\app\schedule\clean_tmpdir.js
2021-03-14 15:29:55,516 INFO 18288 [egg-schedule]: register schedule E:\project\lawyer_platform\node_modules\egg-logrotator\app\schedule\clean_log.js
2021-03-14 15:29:55,516 INFO 18288 [egg-schedule]: register schedule E:\project\lawyer_platform\node_modules\egg-logrotator\app\schedule\rotate_by_file.js
2021-03-14 15:31:43,716 INFO 11220 [egg-schedule]: register schedule E:\project\lawyer_platform\node_modules\egg-multipart\app\schedule\clean_tmpdir.js
2021-03-14 15:31:43,716 INFO 11220 [egg-schedule]: register schedule E:\project\lawyer_platform\node_modules\egg-logrotator\app\schedule\clean_log.js
2021-03-14 15:31:43,716 INFO 11220 [egg-schedule]: register schedule E:\project\lawyer_platform\node_modules\egg-logrotator\app\schedule\rotate_by_file.js
2021-03-14 15:31:45,729 INFO 20252 [egg-schedule]: register schedule E:\project\lawyer_platform\node_modules\egg-multipart\app\schedule\clean_tmpdir.js
2021-03-14 15:31:45,729 INFO 20252 [egg-schedule]: register schedule E:\project\lawyer_platform\node_modules\egg-logrotator\app\schedule\clean_log.js
2021-03-14 15:31:45,729 INFO 20252 [egg-schedule]: register schedule E:\project\lawyer_platform\node_modules\egg-logrotator\app\schedule\rotate_by_file.js
2021-03-14 15:31:53,848 INFO 2508 [egg-schedule]: register schedule E:\project\lawyer_platform\node_modules\egg-multipart\app\schedule\clean_tmpdir.js
2021-03-14 15:31:53,848 INFO 2508 [egg-schedule]: register schedule E:\project\lawyer_platform\node_modules\egg-logrotator\app\schedule\clean_log.js
2021-03-14 15:31:53,848 INFO 2508 [egg-schedule]: register schedule E:\project\lawyer_platform\node_modules\egg-logrotator\app\schedule\rotate_by_file.js
2021-03-14 15:33:49,680 INFO 15512 [egg-schedule]: register schedule E:\project\lawyer_platform\node_modules\egg-multipart\app\schedule\clean_tmpdir.js
2021-03-14 15:33:49,680 INFO 15512 [egg-schedule]: register schedule E:\project\lawyer_platform\node_modules\egg-logrotator\app\schedule\clean_log.js
2021-03-14 15:33:49,680 INFO 15512 [egg-schedule]: register schedule E:\project\lawyer_platform\node_modules\egg-logrotator\app\schedule\rotate_by_file.js
2021-03-14 15:34:14,426 INFO 2056 [egg-schedule]: register schedule E:\project\lawyer_platform\node_modules\egg-multipart\app\schedule\clean_tmpdir.js
2021-03-14 15:34:14,426 INFO 2056 [egg-schedule]: register schedule E:\project\lawyer_platform\node_modules\egg-logrotator\app\schedule\clean_log.js
2021-03-14 15:34:14,426 INFO 2056 [egg-schedule]: register schedule E:\project\lawyer_platform\node_modules\egg-logrotator\app\schedule\rotate_by_file.js
2021-03-14 15:34:16,602 INFO 15968 [egg-schedule]: register schedule E:\project\lawyer_platform\node_modules\egg-multipart\app\schedule\clean_tmpdir.js
2021-03-14 15:34:16,602 INFO 15968 [egg-schedule]: register schedule E:\project\lawyer_platform\node_modules\egg-logrotator\app\schedule\clean_log.js
2021-03-14 15:34:16,602 INFO 15968 [egg-schedule]: register schedule E:\project\lawyer_platform\node_modules\egg-logrotator\app\schedule\rotate_by_file.js
2021-03-14 15:34:54,902 INFO 22044 [egg-schedule]: register schedule E:\project\lawyer_platform\node_modules\egg-multipart\app\schedule\clean_tmpdir.js
2021-03-14 15:34:54,902 INFO 22044 [egg-schedule]: register schedule E:\project\lawyer_platform\node_modules\egg-logrotator\app\schedule\clean_log.js
2021-03-14 15:34:54,902 INFO 22044 [egg-schedule]: register schedule E:\project\lawyer_platform\node_modules\egg-logrotator\app\schedule\rotate_by_file.js
2021-03-14 15:35:54,743 INFO 14392 [egg-schedule]: register schedule E:\project\lawyer_platform\node_modules\egg-multipart\app\schedule\clean_tmpdir.js
2021-03-14 15:35:54,743 INFO 14392 [egg-schedule]: register schedule E:\project\lawyer_platform\node_modules\egg-logrotator\app\schedule\clean_log.js
2021-03-14 15:35:54,743 INFO 14392 [egg-schedule]: register schedule E:\project\lawyer_platform\node_modules\egg-logrotator\app\schedule\rotate_by_file.js
2021-03-14 16:24:22,400 INFO 8472 [egg-schedule]: register schedule E:\project\lawyer_platform\node_modules\egg-multipart\app\schedule\clean_tmpdir.js
2021-03-14 16:24:22,400 INFO 8472 [egg-schedule]: register schedule E:\project\lawyer_platform\node_modules\egg-logrotator\app\schedule\clean_log.js
2021-03-14 16:24:22,400 INFO 8472 [egg-schedule]: register schedule E:\project\lawyer_platform\node_modules\egg-logrotator\app\schedule\rotate_by_file.js
2021-03-14 16:24:24,309 INFO 14772 [egg-schedule]: register schedule E:\project\lawyer_platform\node_modules\egg-multipart\app\schedule\clean_tmpdir.js
2021-03-14 16:24:24,309 INFO 14772 [egg-schedule]: register schedule E:\project\lawyer_platform\node_modules\egg-logrotator\app\schedule\clean_log.js
2021-03-14 16:24:24,309 INFO 14772 [egg-schedule]: register schedule E:\project\lawyer_platform\node_modules\egg-logrotator\app\schedule\rotate_by_file.js
2021-03-14 18:28:28,659 INFO 11236 [egg-schedule]: register schedule E:\project\lawyer_platform\node_modules\egg-multipart\app\schedule\clean_tmpdir.js
2021-03-14 18:28:28,659 INFO 11236 [egg-schedule]: register schedule E:\project\lawyer_platform\node_modules\egg-logrotator\app\schedule\clean_log.js
2021-03-14 18:28:28,659 INFO 11236 [egg-schedule]: register schedule E:\project\lawyer_platform\node_modules\egg-logrotator\app\schedule\rotate_by_file.js
2021-03-14 18:28:30,684 INFO 21548 [egg-schedule]: register schedule E:\project\lawyer_platform\node_modules\egg-multipart\app\schedule\clean_tmpdir.js
2021-03-14 18:28:30,685 INFO 21548 [egg-schedule]: register schedule E:\project\lawyer_platform\node_modules\egg-logrotator\app\schedule\clean_log.js
2021-03-14 18:28:30,685 INFO 21548 [egg-schedule]: register schedule E:\project\lawyer_platform\node_modules\egg-logrotator\app\schedule\rotate_by_file.js
2021-03-14 18:28:33,126 INFO 19432 [Timer] E:\project\lawyer_platform\node_modules\egg-multipart\app\schedule\clean_tmpdir.js next time will execute after 36086879ms at 2021-03-15 04:30:00.005
2021-03-14 18:28:33,128 INFO 19432 [Timer] E:\project\lawyer_platform\node_modules\egg-logrotator\app\schedule\clean_log.js next time will execute after 19886873ms at 2021-03-15 00:00:00.001
2021-03-14 18:28:33,128 INFO 19432 [Timer] E:\project\lawyer_platform\node_modules\egg-logrotator\app\schedule\rotate_by_file.js next time will execute after 19887872ms at 2021-03-15 00:00:01.000
2021-03-14 18:28:34,611 INFO 10204 [egg-schedule]: register schedule E:\project\lawyer_platform\node_modules\egg-multipart\app\schedule\clean_tmpdir.js
2021-03-14 18:28:34,611 INFO 10204 [egg-schedule]: register schedule E:\project\lawyer_platform\node_modules\egg-logrotator\app\schedule\clean_log.js
2021-03-14 18:28:34,611 INFO 10204 [egg-schedule]: register schedule E:\project\lawyer_platform\node_modules\egg-logrotator\app\schedule\rotate_by_file.js
2021-03-14 18:29:49,131 INFO 2112 [egg-schedule]: register schedule E:\project\lawyer_platform\node_modules\egg-multipart\app\schedule\clean_tmpdir.js
2021-03-14 18:29:49,131 INFO 2112 [egg-schedule]: register schedule E:\project\lawyer_platform\node_modules\egg-logrotator\app\schedule\clean_log.js
2021-03-14 18:29:49,131 INFO 2112 [egg-schedule]: register schedule E:\project\lawyer_platform\node_modules\egg-logrotator\app\schedule\rotate_by_file.js
2021-03-14 18:31:57,571 INFO 14508 [egg-schedule]: register schedule E:\project\lawyer_platform\node_modules\egg-multipart\app\schedule\clean_tmpdir.js
2021-03-14 18:31:57,571 INFO 14508 [egg-schedule]: register schedule E:\project\lawyer_platform\node_modules\egg-logrotator\app\schedule\clean_log.js
2021-03-14 18:31:57,571 INFO 14508 [egg-schedule]: register schedule E:\project\lawyer_platform\node_modules\egg-logrotator\app\schedule\rotate_by_file.js
2021-03-14 18:33:45,908 INFO 12328 [egg-schedule]: register schedule E:\project\lawyer_platform\node_modules\egg-multipart\app\schedule\clean_tmpdir.js
2021-03-14 18:33:45,908 INFO 12328 [egg-schedule]: register schedule E:\project\lawyer_platform\node_modules\egg-logrotator\app\schedule\clean_log.js
2021-03-14 18:33:45,908 INFO 12328 [egg-schedule]: register schedule E:\project\lawyer_platform\node_modules\egg-logrotator\app\schedule\rotate_by_file.js
2021-03-14 18:33:51,693 INFO 20136 [egg-schedule]: register schedule E:\project\lawyer_platform\node_modules\egg-multipart\app\schedule\clean_tmpdir.js
2021-03-14 18:33:51,693 INFO 20136 [egg-schedule]: register schedule E:\project\lawyer_platform\node_modules\egg-logrotator\app\schedule\clean_log.js
2021-03-14 18:33:51,693 INFO 20136 [egg-schedule]: register schedule E:\project\lawyer_platform\node_modules\egg-logrotator\app\schedule\rotate_by_file.js
2021-03-14 18:34:14,266 INFO 22240 [egg-schedule]: register schedule E:\project\lawyer_platform\node_modules\egg-multipart\app\schedule\clean_tmpdir.js
2021-03-14 18:34:14,266 INFO 22240 [egg-schedule]: register schedule E:\project\lawyer_platform\node_modules\egg-logrotator\app\schedule\clean_log.js
2021-03-14 18:34:14,266 INFO 22240 [egg-schedule]: register schedule E:\project\lawyer_platform\node_modules\egg-logrotator\app\schedule\rotate_by_file.js
2021-03-14 18:34:28,327 INFO 3856 [egg-schedule]: register schedule E:\project\lawyer_platform\node_modules\egg-multipart\app\schedule\clean_tmpdir.js
2021-03-14 18:34:28,327 INFO 3856 [egg-schedule]: register schedule E:\project\lawyer_platform\node_modules\egg-logrotator\app\schedule\clean_log.js
2021-03-14 18:34:28,327 INFO 3856 [egg-schedule]: register schedule E:\project\lawyer_platform\node_modules\egg-logrotator\app\schedule\rotate_by_file.js
2021-03-14 18:49:44,182 INFO 18876 [egg-schedule]: register schedule E:\project\lawyer_platform\node_modules\egg-multipart\app\schedule\clean_tmpdir.js
2021-03-14 18:49:44,182 INFO 18876 [egg-schedule]: register schedule E:\project\lawyer_platform\node_modules\egg-logrotator\app\schedule\clean_log.js
2021-03-14 18:49:44,182 INFO 18876 [egg-schedule]: register schedule E:\project\lawyer_platform\node_modules\egg-logrotator\app\schedule\rotate_by_file.js
2021-03-14 18:50:16,055 INFO 15492 [egg-schedule]: register schedule E:\project\lawyer_platform\node_modules\egg-multipart\app\schedule\clean_tmpdir.js
2021-03-14 18:50:16,055 INFO 15492 [egg-schedule]: register schedule E:\project\lawyer_platform\node_modules\egg-logrotator\app\schedule\clean_log.js
2021-03-14 18:50:16,055 INFO 15492 [egg-schedule]: register schedule E:\project\lawyer_platform\node_modules\egg-logrotator\app\schedule\rotate_by_file.js
2021-03-14 18:52:41,626 INFO 12080 [egg-schedule]: register schedule E:\project\lawyer_platform\node_modules\egg-multipart\app\schedule\clean_tmpdir.js
2021-03-14 18:52:41,626 INFO 12080 [egg-schedule]: register schedule E:\project\lawyer_platform\node_modules\egg-logrotator\app\schedule\clean_log.js
2021-03-14 18:52:41,626 INFO 12080 [egg-schedule]: register schedule E:\project\lawyer_platform\node_modules\egg-logrotator\app\schedule\rotate_by_file.js
2021-03-14 18:52:57,028 INFO 16728 [egg-schedule]: register schedule E:\project\lawyer_platform\node_modules\egg-multipart\app\schedule\clean_tmpdir.js
2021-03-14 18:52:57,028 INFO 16728 [egg-schedule]: register schedule E:\project\lawyer_platform\node_modules\egg-logrotator\app\schedule\clean_log.js
2021-03-14 18:52:57,028 INFO 16728 [egg-schedule]: register schedule E:\project\lawyer_platform\node_modules\egg-logrotator\app\schedule\rotate_by_file.js
2021-03-14 18:53:31,662 INFO 9780 [egg-schedule]: register schedule E:\project\lawyer_platform\node_modules\egg-multipart\app\schedule\clean_tmpdir.js
2021-03-14 18:53:31,662 INFO 9780 [egg-schedule]: register schedule E:\project\lawyer_platform\node_modules\egg-logrotator\app\schedule\clean_log.js
2021-03-14 18:53:31,662 INFO 9780 [egg-schedule]: register schedule E:\project\lawyer_platform\node_modules\egg-logrotator\app\schedule\rotate_by_file.js
2021-03-14 18:56:00,091 INFO 11296 [egg-schedule]: register schedule E:\project\lawyer_platform\node_modules\egg-multipart\app\schedule\clean_tmpdir.js
2021-03-14 18:56:00,091 INFO 11296 [egg-schedule]: register schedule E:\project\lawyer_platform\node_modules\egg-logrotator\app\schedule\clean_log.js
2021-03-14 18:56:00,091 INFO 11296 [egg-schedule]: register schedule E:\project\lawyer_platform\node_modules\egg-logrotator\app\schedule\rotate_by_file.js
2021-03-14 19:01:07,947 INFO 1488 [egg-schedule]: register schedule E:\project\lawyer_platform\node_modules\egg-multipart\app\schedule\clean_tmpdir.js
2021-03-14 19:01:07,947 INFO 1488 [egg-schedule]: register schedule E:\project\lawyer_platform\node_modules\egg-logrotator\app\schedule\clean_log.js
2021-03-14 19:01:07,947 INFO 1488 [egg-schedule]: register schedule E:\project\lawyer_platform\node_modules\egg-logrotator\app\schedule\rotate_by_file.js
2021-03-14 19:01:41,950 INFO 17548 [egg-schedule]: register schedule E:\project\lawyer_platform\node_modules\egg-multipart\app\schedule\clean_tmpdir.js
2021-03-14 19:01:41,950 INFO 17548 [egg-schedule]: register schedule E:\project\lawyer_platform\node_modules\egg-logrotator\app\schedule\clean_log.js
2021-03-14 19:01:41,950 INFO 17548 [egg-schedule]: register schedule E:\project\lawyer_platform\node_modules\egg-logrotator\app\schedule\rotate_by_file.js
2021-03-14 19:03:18,732 INFO 8580 [egg-schedule]: register schedule E:\project\lawyer_platform\node_modules\egg-multipart\app\schedule\clean_tmpdir.js
2021-03-14 19:03:18,732 INFO 8580 [egg-schedule]: register schedule E:\project\lawyer_platform\node_modules\egg-logrotator\app\schedule\clean_log.js
2021-03-14 19:03:18,732 INFO 8580 [egg-schedule]: register schedule E:\project\lawyer_platform\node_modules\egg-logrotator\app\schedule\rotate_by_file.js
2021-03-14 21:19:51,714 INFO 22984 [egg-schedule]: register schedule E:\project\lawyer_platform\node_modules\egg-multipart\app\schedule\clean_tmpdir.js
2021-03-14 21:19:51,714 INFO 22984 [egg-schedule]: register schedule E:\project\lawyer_platform\node_modules\egg-logrotator\app\schedule\clean_log.js
2021-03-14 21:19:51,714 INFO 22984 [egg-schedule]: register schedule E:\project\lawyer_platform\node_modules\egg-logrotator\app\schedule\rotate_by_file.js
2021-03-14 21:19:58,201 INFO 11712 [Timer] E:\project\lawyer_platform\node_modules\egg-multipart\app\schedule\clean_tmpdir.js next time will execute after 25801801ms at 2021-03-15 04:30:00.002
2021-03-14 21:19:58,201 INFO 11712 [Timer] E:\project\lawyer_platform\node_modules\egg-logrotator\app\schedule\clean_log.js next time will execute after 9601799ms at 2021-03-15 00:00:00.000
2021-03-14 21:19:58,202 INFO 11712 [Timer] E:\project\lawyer_platform\node_modules\egg-logrotator\app\schedule\rotate_by_file.js next time will execute after 9602799ms at 2021-03-15 00:00:01.001
2021-03-14 21:21:54,525 INFO 21560 [egg-schedule]: register schedule E:\project\lawyer_platform\node_modules\egg-multipart\app\schedule\clean_tmpdir.js
2021-03-14 21:21:54,525 INFO 21560 [egg-schedule]: register schedule E:\project\lawyer_platform\node_modules\egg-logrotator\app\schedule\clean_log.js
2021-03-14 21:21:54,525 INFO 21560 [egg-schedule]: register schedule E:\project\lawyer_platform\node_modules\egg-logrotator\app\schedule\rotate_by_file.js
2021-03-14 21:21:57,959 INFO 23960 [egg-schedule]: register schedule E:\project\lawyer_platform\node_modules\egg-multipart\app\schedule\clean_tmpdir.js
2021-03-14 21:21:57,959 INFO 23960 [egg-schedule]: register schedule E:\project\lawyer_platform\node_modules\egg-logrotator\app\schedule\clean_log.js
2021-03-14 21:21:57,959 INFO 23960 [egg-schedule]: register schedule E:\project\lawyer_platform\node_modules\egg-logrotator\app\schedule\rotate_by_file.js
2021-03-14 21:23:45,559 INFO 14396 [egg-schedule]: register schedule E:\project\lawyer_platform\node_modules\egg-multipart\app\schedule\clean_tmpdir.js
2021-03-14 21:23:45,559 INFO 14396 [egg-schedule]: register schedule E:\project\lawyer_platform\node_modules\egg-logrotator\app\schedule\clean_log.js
2021-03-14 21:23:45,559 INFO 14396 [egg-schedule]: register schedule E:\project\lawyer_platform\node_modules\egg-logrotator\app\schedule\rotate_by_file.js
2021-03-14 21:23:53,320 INFO 7816 [egg-schedule]: register schedule E:\project\lawyer_platform\node_modules\egg-multipart\app\schedule\clean_tmpdir.js
2021-03-14 21:23:53,320 INFO 7816 [egg-schedule]: register schedule E:\project\lawyer_platform\node_modules\egg-logrotator\app\schedule\clean_log.js
2021-03-14 21:23:53,320 INFO 7816 [egg-schedule]: register schedule E:\project\lawyer_platform\node_modules\egg-logrotator\app\schedule\rotate_by_file.js
2021-03-14 21:44:49,797 INFO 9652 [egg-schedule]: register schedule E:\project\lawyer_platform\node_modules\egg-multipart\app\schedule\clean_tmpdir.js
2021-03-14 21:44:49,797 INFO 9652 [egg-schedule]: register schedule E:\project\lawyer_platform\node_modules\egg-logrotator\app\schedule\clean_log.js
2021-03-14 21:44:49,797 INFO 9652 [egg-schedule]: register schedule E:\project\lawyer_platform\node_modules\egg-logrotator\app\schedule\rotate_by_file.js
2021-03-14 21:44:51,816 INFO 22676 [egg-schedule]: register schedule E:\project\lawyer_platform\node_modules\egg-multipart\app\schedule\clean_tmpdir.js
2021-03-14 21:44:51,816 INFO 22676 [egg-schedule]: register schedule E:\project\lawyer_platform\node_modules\egg-logrotator\app\schedule\clean_log.js
2021-03-14 21:44:51,816 INFO 22676 [egg-schedule]: register schedule E:\project\lawyer_platform\node_modules\egg-logrotator\app\schedule\rotate_by_file.js
2021-03-14 21:46:20,746 INFO 23772 [egg-schedule]: register schedule E:\project\lawyer_platform\node_modules\egg-multipart\app\schedule\clean_tmpdir.js
2021-03-14 21:46:20,746 INFO 23772 [egg-schedule]: register schedule E:\project\lawyer_platform\node_modules\egg-logrotator\app\schedule\clean_log.js
2021-03-14 21:46:20,746 INFO 23772 [egg-schedule]: register schedule E:\project\lawyer_platform\node_modules\egg-logrotator\app\schedule\rotate_by_file.js
2021-03-14 21:47:01,470 INFO 5780 [egg-schedule]: register schedule E:\project\lawyer_platform\node_modules\egg-multipart\app\schedule\clean_tmpdir.js
2021-03-14 21:47:01,470 INFO 5780 [egg-schedule]: register schedule E:\project\lawyer_platform\node_modules\egg-logrotator\app\schedule\clean_log.js
2021-03-14 21:47:01,470 INFO 5780 [egg-schedule]: register schedule E:\project\lawyer_platform\node_modules\egg-logrotator\app\schedule\rotate_by_file.js
2021-03-14 21:47:10,451 INFO 8488 [egg-schedule]: register schedule E:\project\lawyer_platform\node_modules\egg-multipart\app\schedule\clean_tmpdir.js
2021-03-14 21:47:10,451 INFO 8488 [egg-schedule]: register schedule E:\project\lawyer_platform\node_modules\egg-logrotator\app\schedule\clean_log.js
2021-03-14 21:47:10,451 INFO 8488 [egg-schedule]: register schedule E:\project\lawyer_platform\node_modules\egg-logrotator\app\schedule\rotate_by_file.js
2021-03-14 21:47:50,777 INFO 24276 [egg-schedule]: register schedule E:\project\lawyer_platform\node_modules\egg-multipart\app\schedule\clean_tmpdir.js
2021-03-14 21:47:50,777 INFO 24276 [egg-schedule]: register schedule E:\project\lawyer_platform\node_modules\egg-logrotator\app\schedule\clean_log.js
2021-03-14 21:47:50,777 INFO 24276 [egg-schedule]: register schedule E:\project\lawyer_platform\node_modules\egg-logrotator\app\schedule\rotate_by_file.js
2021-03-14 21:48:20,915 INFO 23728 [egg-schedule]: register schedule E:\project\lawyer_platform\node_modules\egg-multipart\app\schedule\clean_tmpdir.js
2021-03-14 21:48:20,915 INFO 23728 [egg-schedule]: register schedule E:\project\lawyer_platform\node_modules\egg-logrotator\app\schedule\clean_log.js
2021-03-14 21:48:20,915 INFO 23728 [egg-schedule]: register schedule E:\project\lawyer_platform\node_modules\egg-logrotator\app\schedule\rotate_by_file.js
2021-03-14 21:48:26,746 INFO 21060 [egg-schedule]: register schedule E:\project\lawyer_platform\node_modules\egg-multipart\app\schedule\clean_tmpdir.js
2021-03-14 21:48:26,746 INFO 21060 [egg-schedule]: register schedule E:\project\lawyer_platform\node_modules\egg-logrotator\app\schedule\clean_log.js
2021-03-14 21:48:26,746 INFO 21060 [egg-schedule]: register schedule E:\project\lawyer_platform\node_modules\egg-logrotator\app\schedule\rotate_by_file.js
2021-03-14 21:48:37,679 INFO 2868 [egg-schedule]: register schedule E:\project\lawyer_platform\node_modules\egg-multipart\app\schedule\clean_tmpdir.js
2021-03-14 21:48:37,679 INFO 2868 [egg-schedule]: register schedule E:\project\lawyer_platform\node_modules\egg-logrotator\app\schedule\clean_log.js
2021-03-14 21:48:37,679 INFO 2868 [egg-schedule]: register schedule E:\project\lawyer_platform\node_modules\egg-logrotator\app\schedule\rotate_by_file.js
2021-03-14 21:49:26,499 INFO 1756 [egg-schedule]: register schedule E:\project\lawyer_platform\node_modules\egg-multipart\app\schedule\clean_tmpdir.js
2021-03-14 21:49:26,500 INFO 1756 [egg-schedule]: register schedule E:\project\lawyer_platform\node_modules\egg-logrotator\app\schedule\clean_log.js
2021-03-14 21:49:26,500 INFO 1756 [egg-schedule]: register schedule E:\project\lawyer_platform\node_modules\egg-logrotator\app\schedule\rotate_by_file.js
2021-03-14 21:49:36,256 INFO 13444 [egg-schedule]: register schedule E:\project\lawyer_platform\node_modules\egg-multipart\app\schedule\clean_tmpdir.js
2021-03-14 21:49:36,256 INFO 13444 [egg-schedule]: register schedule E:\project\lawyer_platform\node_modules\egg-logrotator\app\schedule\clean_log.js
2021-03-14 21:49:36,256 INFO 13444 [egg-schedule]: register schedule E:\project\lawyer_platform\node_modules\egg-logrotator\app\schedule\rotate_by_file.js
2021-03-14 21:50:39,519 INFO 24224 [egg-schedule]: register schedule E:\project\lawyer_platform\node_modules\egg-multipart\app\schedule\clean_tmpdir.js
2021-03-14 21:50:39,519 INFO 24224 [egg-schedule]: register schedule E:\project\lawyer_platform\node_modules\egg-logrotator\app\schedule\clean_log.js
2021-03-14 21:50:39,519 INFO 24224 [egg-schedule]: register schedule E:\project\lawyer_platform\node_modules\egg-logrotator\app\schedule\rotate_by_file.js
2021-03-29 10:48:34,226 INFO 21396 [egg-schedule]: register schedule E:\project\lawyer_platform\node_modules\egg-multipart\app\schedule\clean_tmpdir.js
2021-03-29 10:48:34,226 INFO 21396 [egg-schedule]: register schedule E:\project\lawyer_platform\node_modules\egg-logrotator\app\schedule\clean_log.js
2021-03-29 10:48:34,226 INFO 21396 [egg-schedule]: register schedule E:\project\lawyer_platform\node_modules\egg-logrotator\app\schedule\rotate_by_file.js
2021-03-29 10:48:45,788 INFO 21000 [Timer] E:\project\lawyer_platform\node_modules\egg-multipart\app\schedule\clean_tmpdir.js next time will execute after 63674214ms at 2021-03-30 04:30:00.002
2021-03-29 10:48:45,788 INFO 21000 [Timer] E:\project\lawyer_platform\node_modules\egg-logrotator\app\schedule\clean_log.js next time will execute after 47474212ms at 2021-03-30 00:00:00.000
2021-03-29 10:48:45,789 INFO 21000 [Timer] E:\project\lawyer_platform\node_modules\egg-logrotator\app\schedule\rotate_by_file.js next time will execute after 47475212ms at 2021-03-30 00:00:01.001
2021-06-07 22:36:08,724 INFO 12712 [egg-schedule]: register schedule E:\project\lawyer_platform\node_modules\egg-multipart\app\schedule\clean_tmpdir.js
2021-06-07 22:36:08,724 INFO 12712 [egg-schedule]: register schedule E:\project\lawyer_platform\node_modules\egg-logrotator\app\schedule\clean_log.js
2021-06-07 22:36:08,724 INFO 12712 [egg-schedule]: register schedule E:\project\lawyer_platform\node_modules\egg-logrotator\app\schedule\rotate_by_file.js
2021-06-07 22:36:20,257 INFO 4804 [Timer] E:\project\lawyer_platform\node_modules\egg-multipart\app\schedule\clean_tmpdir.js next time will execute after 21219745ms at 2021-06-08 04:30:00.002
2021-06-07 22:36:20,258 INFO 4804 [Timer] E:\project\lawyer_platform\node_modules\egg-logrotator\app\schedule\clean_log.js next time will execute after 5019742ms at 2021-06-08 00:00:00.000
2021-06-07 22:36:20,258 INFO 4804 [Timer] E:\project\lawyer_platform\node_modules\egg-logrotator\app\schedule\rotate_by_file.js next time will execute after 5020742ms at 2021-06-08 00:00:01.000
2021-06-07 22:39:18,470 INFO 10004 [egg-schedule]: register schedule E:\project\lawyer_platform\node_modules\egg-multipart\app\schedule\clean_tmpdir.js
2021-06-07 22:39:18,470 INFO 10004 [egg-schedule]: register schedule E:\project\lawyer_platform\node_modules\egg-logrotator\app\schedule\clean_log.js
2021-06-07 22:39:18,470 INFO 10004 [egg-schedule]: register schedule E:\project\lawyer_platform\node_modules\egg-logrotator\app\schedule\rotate_by_file.js
2021-06-07 22:44:01,431 INFO 5000 [egg-schedule]: register schedule E:\project\lawyer_platform\node_modules\egg-multipart\app\schedule\clean_tmpdir.js
2021-06-07 22:44:01,431 INFO 5000 [egg-schedule]: register schedule E:\project\lawyer_platform\node_modules\egg-logrotator\app\schedule\clean_log.js
2021-06-07 22:44:01,431 INFO 5000 [egg-schedule]: register schedule E:\project\lawyer_platform\node_modules\egg-logrotator\app\schedule\rotate_by_file.js
2021-06-07 22:45:21,412 INFO 13836 [egg-schedule]: register schedule E:\project\lawyer_platform\node_modules\egg-multipart\app\schedule\clean_tmpdir.js
2021-06-07 22:45:21,412 INFO 13836 [egg-schedule]: register schedule E:\project\lawyer_platform\node_modules\egg-logrotator\app\schedule\clean_log.js
2021-06-07 22:45:21,412 INFO 13836 [egg-schedule]: register schedule E:\project\lawyer_platform\node_modules\egg-logrotator\app\schedule\rotate_by_file.js
2021-06-07 22:46:19,617 INFO 10344 [egg-schedule]: register schedule E:\project\lawyer_platform\node_modules\egg-multipart\app\schedule\clean_tmpdir.js
2021-06-07 22:46:19,617 INFO 10344 [egg-schedule]: register schedule E:\project\lawyer_platform\node_modules\egg-logrotator\app\schedule\clean_log.js
2021-06-07 22:46:19,617 INFO 10344 [egg-schedule]: register schedule E:\project\lawyer_platform\node_modules\egg-logrotator\app\schedule\rotate_by_file.js
2021-06-08 08:05:32,923 INFO 11524 [egg-schedule]: register schedule E:\project\lawyer_platform\node_modules\egg-multipart\app\schedule\clean_tmpdir.js
2021-06-08 08:05:32,923 INFO 11524 [egg-schedule]: register schedule E:\project\lawyer_platform\node_modules\egg-logrotator\app\schedule\clean_log.js
2021-06-08 08:05:32,923 INFO 11524 [egg-schedule]: register schedule E:\project\lawyer_platform\node_modules\egg-logrotator\app\schedule\rotate_by_file.js
2021-06-08 08:05:40,705 INFO 5264 [Timer] E:\project\lawyer_platform\node_modules\egg-multipart\app\schedule\clean_tmpdir.js next time will execute after 73459298ms at 2021-06-09 04:30:00.003
2021-06-08 08:05:40,706 INFO 5264 [Timer] E:\project\lawyer_platform\node_modules\egg-logrotator\app\schedule\clean_log.js next time will execute after 57259295ms at 2021-06-09 00:00:00.001
2021-06-08 08:05:40,706 INFO 5264 [Timer] E:\project\lawyer_platform\node_modules\egg-logrotator\app\schedule\rotate_by_file.js next time will execute after 57260294ms at 2021-06-09 00:00:01.000
2021-06-08 08:06:20,165 INFO 12508 [egg-schedule]: register schedule E:\project\lawyer_platform\node_modules\egg-multipart\app\schedule\clean_tmpdir.js
2021-06-08 08:06:20,165 INFO 12508 [egg-schedule]: register schedule E:\project\lawyer_platform\node_modules\egg-logrotator\app\schedule\clean_log.js
2021-06-08 08:06:20,165 INFO 12508 [egg-schedule]: register schedule E:\project\lawyer_platform\node_modules\egg-logrotator\app\schedule\rotate_by_file.js
2021-06-08 08:08:44,399 INFO 5500 [egg-schedule]: register schedule E:\project\lawyer_platform\node_modules\egg-multipart\app\schedule\clean_tmpdir.js
2021-06-08 08:08:44,399 INFO 5500 [egg-schedule]: register schedule E:\project\lawyer_platform\node_modules\egg-logrotator\app\schedule\clean_log.js
2021-06-08 08:08:44,399 INFO 5500 [egg-schedule]: register schedule E:\project\lawyer_platform\node_modules\egg-logrotator\app\schedule\rotate_by_file.js
2021-06-08 08:11:02,340 INFO 10664 [egg-schedule]: register schedule E:\project\lawyer_platform\node_modules\egg-multipart\app\schedule\clean_tmpdir.js
2021-06-08 08:11:02,340 INFO 10664 [egg-schedule]: register schedule E:\project\lawyer_platform\node_modules\egg-logrotator\app\schedule\clean_log.js
2021-06-08 08:11:02,340 INFO 10664 [egg-schedule]: register schedule E:\project\lawyer_platform\node_modules\egg-logrotator\app\schedule\rotate_by_file.js
2021-06-08 08:11:37,450 INFO 12936 [egg-schedule]: register schedule E:\project\lawyer_platform\node_modules\egg-multipart\app\schedule\clean_tmpdir.js
2021-06-08 08:11:37,450 INFO 12936 [egg-schedule]: register schedule E:\project\lawyer_platform\node_modules\egg-logrotator\app\schedule\clean_log.js
2021-06-08 08:11:37,450 INFO 12936 [egg-schedule]: register schedule E:\project\lawyer_platform\node_modules\egg-logrotator\app\schedule\rotate_by_file.js
2021-06-08 08:12:21,074 INFO 7692 [egg-schedule]: register schedule E:\project\lawyer_platform\node_modules\egg-multipart\app\schedule\clean_tmpdir.js
2021-06-08 08:12:21,074 INFO 7692 [egg-schedule]: register schedule E:\project\lawyer_platform\node_modules\egg-logrotator\app\schedule\clean_log.js
2021-06-08 08:12:21,074 INFO 7692 [egg-schedule]: register schedule E:\project\lawyer_platform\node_modules\egg-logrotator\app\schedule\rotate_by_file.js
2021-06-08 08:12:59,397 INFO 11160 [egg-schedule]: register schedule E:\project\lawyer_platform\node_modules\egg-multipart\app\schedule\clean_tmpdir.js
2021-06-08 08:12:59,398 INFO 11160 [egg-schedule]: register schedule E:\project\lawyer_platform\node_modules\egg-logrotator\app\schedule\clean_log.js
2021-06-08 08:12:59,398 INFO 11160 [egg-schedule]: register schedule E:\project\lawyer_platform\node_modules\egg-logrotator\app\schedule\rotate_by_file.js
2021-06-08 08:14:36,878 INFO 12988 [egg-schedule]: register schedule E:\project\lawyer_platform\node_modules\egg-multipart\app\schedule\clean_tmpdir.js
2021-06-08 08:14:36,878 INFO 12988 [egg-schedule]: register schedule E:\project\lawyer_platform\node_modules\egg-logrotator\app\schedule\clean_log.js
2021-06-08 08:14:36,878 INFO 12988 [egg-schedule]: register schedule E:\project\lawyer_platform\node_modules\egg-logrotator\app\schedule\rotate_by_file.js
2021-06-08 08:19:50,529 INFO 10768 [egg-schedule]: register schedule E:\project\lawyer_platform\node_modules\egg-multipart\app\schedule\clean_tmpdir.js
2021-06-08 08:19:50,529 INFO 10768 [egg-schedule]: register schedule E:\project\lawyer_platform\node_modules\egg-logrotator\app\schedule\clean_log.js
2021-06-08 08:19:50,529 INFO 10768 [egg-schedule]: register schedule E:\project\lawyer_platform\node_modules\egg-logrotator\app\schedule\rotate_by_file.js
2021-06-08 08:31:46,106 INFO 12752 [egg-schedule]: register schedule E:\project\lawyer_platform\node_modules\egg-multipart\app\schedule\clean_tmpdir.js
2021-06-08 08:31:46,106 INFO 12752 [egg-schedule]: register schedule E:\project\lawyer_platform\node_modules\egg-logrotator\app\schedule\clean_log.js
2021-06-08 08:31:46,106 INFO 12752 [egg-schedule]: register schedule E:\project\lawyer_platform\node_modules\egg-logrotator\app\schedule\rotate_by_file.js
2021-06-08 08:32:15,451 INFO 3984 [egg-schedule]: register schedule E:\project\lawyer_platform\node_modules\egg-multipart\app\schedule\clean_tmpdir.js
2021-06-08 08:32:15,451 INFO 3984 [egg-schedule]: register schedule E:\project\lawyer_platform\node_modules\egg-logrotator\app\schedule\clean_log.js
2021-06-08 08:32:15,451 INFO 3984 [egg-schedule]: register schedule E:\project\lawyer_platform\node_modules\egg-logrotator\app\schedule\rotate_by_file.js
2021-06-08 08:34:24,717 INFO 1864 [egg-schedule]: register schedule E:\project\lawyer_platform\node_modules\egg-multipart\app\schedule\clean_tmpdir.js
2021-06-08 08:34:24,717 INFO 1864 [egg-schedule]: register schedule E:\project\lawyer_platform\node_modules\egg-logrotator\app\schedule\clean_log.js
2021-06-08 08:34:24,718 INFO 1864 [egg-schedule]: register schedule E:\project\lawyer_platform\node_modules\egg-logrotator\app\schedule\rotate_by_file.js
2021-06-08 08:34:46,592 INFO 9076 [egg-schedule]: register schedule E:\project\lawyer_platform\node_modules\egg-multipart\app\schedule\clean_tmpdir.js
2021-06-08 08:34:46,592 INFO 9076 [egg-schedule]: register schedule E:\project\lawyer_platform\node_modules\egg-logrotator\app\schedule\clean_log.js
2021-06-08 08:34:46,592 INFO 9076 [egg-schedule]: register schedule E:\project\lawyer_platform\node_modules\egg-logrotator\app\schedule\rotate_by_file.js
2021-06-08 08:35:16,128 INFO 11452 [egg-schedule]: register schedule E:\project\lawyer_platform\node_modules\egg-multipart\app\schedule\clean_tmpdir.js
2021-06-08 08:35:16,129 INFO 11452 [egg-schedule]: register schedule E:\project\lawyer_platform\node_modules\egg-logrotator\app\schedule\clean_log.js
2021-06-08 08:35:16,129 INFO 11452 [egg-schedule]: register schedule E:\project\lawyer_platform\node_modules\egg-logrotator\app\schedule\rotate_by_file.js
2021-06-08 08:37:48,484 INFO 13836 [egg-schedule]: register schedule E:\project\lawyer_platform\node_modules\egg-multipart\app\schedule\clean_tmpdir.js
2021-06-08 08:37:48,484 INFO 13836 [egg-schedule]: register schedule E:\project\lawyer_platform\node_modules\egg-logrotator\app\schedule\clean_log.js
2021-06-08 08:37:48,484 INFO 13836 [egg-schedule]: register schedule E:\project\lawyer_platform\node_modules\egg-logrotator\app\schedule\rotate_by_file.js
2021-06-08 08:38:11,355 INFO 3224 [egg-schedule]: register schedule E:\project\lawyer_platform\node_modules\egg-multipart\app\schedule\clean_tmpdir.js
2021-06-08 08:38:11,355 INFO 3224 [egg-schedule]: register schedule E:\project\lawyer_platform\node_modules\egg-logrotator\app\schedule\clean_log.js
2021-06-08 08:38:11,355 INFO 3224 [egg-schedule]: register schedule E:\project\lawyer_platform\node_modules\egg-logrotator\app\schedule\rotate_by_file.js
2021-06-08 08:38:12,394 INFO 10012 [Timer] E:\project\lawyer_platform\node_modules\egg-multipart\app\schedule\clean_tmpdir.js next time will execute after 71507610ms at 2021-06-09 04:30:00.004
2021-06-08 08:38:12,395 INFO 10012 [Timer] E:\project\lawyer_platform\node_modules\egg-logrotator\app\schedule\clean_log.js next time will execute after 55307606ms at 2021-06-09 00:00:00.001
2021-06-08 08:38:12,395 INFO 10012 [Timer] E:\project\lawyer_platform\node_modules\egg-logrotator\app\schedule\rotate_by_file.js next time will execute after 55308605ms at 2021-06-09 00:00:01.000
2021-06-08 08:38:20,960 INFO 14716 [egg-schedule]: register schedule E:\project\lawyer_platform\node_modules\egg-multipart\app\schedule\clean_tmpdir.js
2021-06-08 08:38:20,960 INFO 14716 [egg-schedule]: register schedule E:\project\lawyer_platform\node_modules\egg-logrotator\app\schedule\clean_log.js
2021-06-08 08:38:20,960 INFO 14716 [egg-schedule]: register schedule E:\project\lawyer_platform\node_modules\egg-logrotator\app\schedule\rotate_by_file.js
2021-06-08 08:39:29,484 INFO 15192 [egg-schedule]: register schedule E:\project\lawyer_platform\node_modules\egg-multipart\app\schedule\clean_tmpdir.js
2021-06-08 08:39:29,484 INFO 15192 [egg-schedule]: register schedule E:\project\lawyer_platform\node_modules\egg-logrotator\app\schedule\clean_log.js
2021-06-08 08:39:29,484 INFO 15192 [egg-schedule]: register schedule E:\project\lawyer_platform\node_modules\egg-logrotator\app\schedule\rotate_by_file.js
2021-06-08 08:43:29,501 INFO 1272 [egg-schedule]: register schedule E:\project\lawyer_platform\node_modules\egg-multipart\app\schedule\clean_tmpdir.js
2021-06-08 08:43:29,501 INFO 1272 [egg-schedule]: register schedule E:\project\lawyer_platform\node_modules\egg-logrotator\app\schedule\clean_log.js
2021-06-08 08:43:29,501 INFO 1272 [egg-schedule]: register schedule E:\project\lawyer_platform\node_modules\egg-logrotator\app\schedule\rotate_by_file.js
2021-06-08 08:43:39,274 INFO 13364 [egg-schedule]: register schedule E:\project\lawyer_platform\node_modules\egg-multipart\app\schedule\clean_tmpdir.js
2021-06-08 08:43:39,274 INFO 13364 [egg-schedule]: register schedule E:\project\lawyer_platform\node_modules\egg-logrotator\app\schedule\clean_log.js
2021-06-08 08:43:39,274 INFO 13364 [egg-schedule]: register schedule E:\project\lawyer_platform\node_modules\egg-logrotator\app\schedule\rotate_by_file.js
